2017/05/26 10:07:31 [error] [php] include(Users.php): failed to open stream: No such file or directory (C:\wamp64\www\yii\framework\YiiBase.php:432)
Stack trace:
#0 C:\wamp64\www\resultmodule\protected\controllers\SiteController.php(82): spl_autoload_call()
#1 C:\wamp64\www\yii\framework\web\actions\CInlineAction.php(49): SiteController->actionLogin()
#2 C:\wamp64\www\yii\framework\web\CController.php(308): CInlineAction->runWithParams()
#3 C:\wamp64\www\yii\framework\web\CController.php(286): SiteController->runAction()
#4 C:\wamp64\www\yii\framework\web\CController.php(265): SiteController->runActionWithFilters()
#5 C:\wamp64\www\yii\framework\web\CWebApplication.php(282): SiteController->run()
#6 C:\wamp64\www\yii\framework\web\CWebApplication.php(141): CWebApplication->runController()
#7 C:\wamp64\www\yii\framework\base\CApplication.php(185): CWebApplication->processRequest()
#8 C:\wamp64\www\resultmodule\index.php(13): CWebApplication->run()
REQUEST_URI=/resultmodule/index.php?r=site/login
in C:\wamp64\www\resultmodule\protected\controllers\SiteController.php (82)
in C:\wamp64\www\resultmodule\index.php (13)
2017/05/26 10:08:29 [error] [exception.CException] exception 'CException' with message 'Property "Users.username" is not defined.' in C:\wamp64\www\yii\framework\base\CComponent.php:130
Stack trace:
#0 C:\wamp64\www\yii\framework\db\ar\CActiveRecord.php(145): CComponent->__get('username')
#1 C:\wamp64\www\yii\framework\web\helpers\CHtml.php(2729): CActiveRecord->__get('username')
#2 C:\wamp64\www\yii\framework\web\helpers\CHtml.php(2452): CHtml::resolveValue(Object(Users), 'username')
#3 C:\wamp64\www\yii\framework\web\helpers\CHtml.php(1534): CHtml::activeInputField('text', Object(Users), 'username', Array)
#4 C:\wamp64\www\yii\framework\web\widgets\CActiveForm.php(792): CHtml::activeTextField(Object(Users), 'username', Array)
#5 C:\wamp64\www\resultmodule\protected\views\site\login.php(29): CActiveForm->textField(Object(Users), 'username')
#6 C:\wamp64\www\yii\framework\web\CBaseController.php(126): require('C:\\wamp64\\www\\r...')
#7 C:\wamp64\www\yii\framework\web\CBaseController.php(95): CBaseController->renderInternal('C:\\wamp64\\www\\r...', Array, true)
#8 C:\wamp64\www\yii\framework\web\CController.php(869): CBaseController->renderFile('C:\\wamp64\\www\\r...', Array, true)
#9 C:\wamp64\www\yii\framework\web\CController.php(782): CController->renderPartial('login', Array, true)
#10 C:\wamp64\www\resultmodule\protected\controllers\SiteController.php(98): CController->render('login', Array)
#11 C:\wamp64\www\yii\framework\web\actions\CInlineAction.php(49): SiteController->actionLogin()
#12 C:\wamp64\www\yii\framework\web\CController.php(308): CInlineAction->runWithParams(Array)
#13 C:\wamp64\www\yii\framework\web\CController.php(286): CController->runAction(Object(CInlineAction))
#14 C:\wamp64\www\yii\framework\web\CController.php(265): CController->runActionWithFilters(Object(CInlineAction), Array)
#15 C:\wamp64\www\yii\framework\web\CWebApplication.php(282): CController->run('login')
#16 C:\wamp64\www\yii\framework\web\CWebApplication.php(141): CWebApplication->runController('site/login')
#17 C:\wamp64\www\yii\framework\base\CApplication.php(185): CWebApplication->processRequest()
#18 C:\wamp64\www\resultmodule\index.php(13): CApplication->run()
#19 {main}
REQUEST_URI=/resultmodule/index.php?r=site/login
HTTP_REFERER=http://localhost/resultmodule/
---
2017/05/26 10:10:28 [error] [exception.CException] exception 'CException' with message 'Property "Users.rememberMe" is not defined.' in C:\wamp64\www\yii\framework\base\CComponent.php:130
Stack trace:
#0 C:\wamp64\www\yii\framework\db\ar\CActiveRecord.php(145): CComponent->__get('rememberMe')
#1 C:\wamp64\www\yii\framework\web\helpers\CHtml.php(2729): CActiveRecord->__get('rememberMe')
#2 C:\wamp64\www\yii\framework\web\helpers\CHtml.php(1923): CHtml::resolveValue(Object(Users), 'rememberMe')
#3 C:\wamp64\www\yii\framework\web\widgets\CActiveForm.php(898): CHtml::activeCheckBox(Object(Users), 'rememberMe', Array)
#4 C:\wamp64\www\resultmodule\protected\views\site\login.php(36): CActiveForm->checkBox(Object(Users), 'rememberMe', Array)
#5 C:\wamp64\www\yii\framework\web\CBaseController.php(126): require('C:\\wamp64\\www\\r...')
#6 C:\wamp64\www\yii\framework\web\CBaseController.php(95): CBaseController->renderInternal('C:\\wamp64\\www\\r...', Array, true)
#7 C:\wamp64\www\yii\framework\web\CController.php(869): CBaseController->renderFile('C:\\wamp64\\www\\r...', Array, true)
#8 C:\wamp64\www\yii\framework\web\CController.php(782): CController->renderPartial('login', Array, true)
#9 C:\wamp64\www\resultmodule\protected\controllers\SiteController.php(98): CController->render('login', Array)
#10 C:\wamp64\www\yii\framework\web\actions\CInlineAction.php(49): SiteController->actionLogin()
#11 C:\wamp64\www\yii\framework\web\CController.php(308): CInlineAction->runWithParams(Array)
#12 C:\wamp64\www\yii\framework\web\CController.php(286): CController->runAction(Object(CInlineAction))
#13 C:\wamp64\www\yii\framework\web\CController.php(265): CController->runActionWithFilters(Object(CInlineAction), Array)
#14 C:\wamp64\www\yii\framework\web\CWebApplication.php(282): CController->run('login')
#15 C:\wamp64\www\yii\framework\web\CWebApplication.php(141): CWebApplication->runController('site/login')
#16 C:\wamp64\www\yii\framework\base\CApplication.php(185): CWebApplication->processRequest()
#17 C:\wamp64\www\resultmodule\index.php(13): CApplication->run()
#18 {main}
REQUEST_URI=/resultmodule/index.php?r=site/login
HTTP_REFERER=http://localhost/resultmodule/
---
2017/05/26 10:12:18 [warning] [application] Failed to set unsafe attribute "rememberMe" of "Users".
in C:\wamp64\www\resultmodule\protected\controllers\SiteController.php (92)
in C:\wamp64\www\resultmodule\index.php (13)
2017/05/26 10:12:18 [error] [exception.CException] exception 'CException' with message 'Users and its behaviors do not have a method or closure named "validateLoginInputs".' in C:\wamp64\www\yii\framework\base\CComponent.php:266
Stack trace:
#0 C:\wamp64\www\yii\framework\db\ar\CActiveRecord.php(227): CComponent->__call('validateLoginIn...', Array)
#1 C:\wamp64\www\resultmodule\protected\controllers\SiteController.php(93): CActiveRecord->__call('validateLoginIn...', Array)
#2 C:\wamp64\www\resultmodule\protected\controllers\SiteController.php(93): Users->validateLoginInputs()
#3 C:\wamp64\www\yii\framework\web\actions\CInlineAction.php(49): SiteController->actionLogin()
#4 C:\wamp64\www\yii\framework\web\CController.php(308): CInlineAction->runWithParams(Array)
#5 C:\wamp64\www\yii\framework\web\CController.php(286): CController->runAction(Object(CInlineAction))
#6 C:\wamp64\www\yii\framework\web\CController.php(265): CController->runActionWithFilters(Object(CInlineAction), Array)
#7 C:\wamp64\www\yii\framework\web\CWebApplication.php(282): CController->run('login')
#8 C:\wamp64\www\yii\framework\web\CWebApplication.php(141): CWebApplication->runController('site/login')
#9 C:\wamp64\www\yii\framework\base\CApplication.php(185): CWebApplication->processRequest()
#10 C:\wamp64\www\resultmodule\index.php(13): CApplication->run()
#11 {main}
REQUEST_URI=/resultmodule/index.php?r=site/login
HTTP_REFERER=http://localhost/resultmodule/index.php?r=site/login
---
2017/05/26 10:13:55 [warning] [application] Failed to set unsafe attribute "rememberMe" of "Users".
in C:\wamp64\www\resultmodule\protected\controllers\SiteController.php (92)
in C:\wamp64\www\resultmodule\index.php (13)
2017/05/26 10:13:55 [error] [exception.CException] exception 'CException' with message 'Property "Users._identity" is not defined.' in C:\wamp64\www\yii\framework\base\CComponent.php:130
Stack trace:
#0 C:\wamp64\www\yii\framework\db\ar\CActiveRecord.php(145): CComponent->__get('_identity')
#1 C:\wamp64\www\resultmodule\protected\models\Users.php(118): CActiveRecord->__get('_identity')
#2 C:\wamp64\www\resultmodule\protected\controllers\SiteController.php(93): Users->login()
#3 C:\wamp64\www\yii\framework\web\actions\CInlineAction.php(49): SiteController->actionLogin()
#4 C:\wamp64\www\yii\framework\web\CController.php(308): CInlineAction->runWithParams(Array)
#5 C:\wamp64\www\yii\framework\web\CController.php(286): CController->runAction(Object(CInlineAction))
#6 C:\wamp64\www\yii\framework\web\CController.php(265): CController->runActionWithFilters(Object(CInlineAction), Array)
#7 C:\wamp64\www\yii\framework\web\CWebApplication.php(282): CController->run('login')
#8 C:\wamp64\www\yii\framework\web\CWebApplication.php(141): CWebApplication->runController('site/login')
#9 C:\wamp64\www\yii\framework\base\CApplication.php(185): CWebApplication->processRequest()
#10 C:\wamp64\www\resultmodule\index.php(13): CApplication->run()
#11 {main}
REQUEST_URI=/resultmodule/index.php?r=site/login
HTTP_REFERER=http://localhost/resultmodule/index.php?r=site/login
---
2017/05/26 10:14:17 [warning] [application] Failed to set unsafe attribute "rememberMe" of "Users".
in C:\wamp64\www\resultmodule\protected\controllers\SiteController.php (92)
in C:\wamp64\www\resultmodule\index.php (13)
2017/05/26 10:14:17 [error] [exception.CException] exception 'CException' with message 'Property "Users._identity" is not defined.' in C:\wamp64\www\yii\framework\base\CComponent.php:130
Stack trace:
#0 C:\wamp64\www\yii\framework\db\ar\CActiveRecord.php(145): CComponent->__get('_identity')
#1 C:\wamp64\www\resultmodule\protected\models\Users.php(118): CActiveRecord->__get('_identity')
#2 C:\wamp64\www\resultmodule\protected\controllers\SiteController.php(93): Users->login()
#3 C:\wamp64\www\yii\framework\web\actions\CInlineAction.php(49): SiteController->actionLogin()
#4 C:\wamp64\www\yii\framework\web\CController.php(308): CInlineAction->runWithParams(Array)
#5 C:\wamp64\www\yii\framework\web\CController.php(286): CController->runAction(Object(CInlineAction))
#6 C:\wamp64\www\yii\framework\web\CController.php(265): CController->runActionWithFilters(Object(CInlineAction), Array)
#7 C:\wamp64\www\yii\framework\web\CWebApplication.php(282): CController->run('login')
#8 C:\wamp64\www\yii\framework\web\CWebApplication.php(141): CWebApplication->runController('site/login')
#9 C:\wamp64\www\yii\framework\base\CApplication.php(185): CWebApplication->processRequest()
#10 C:\wamp64\www\resultmodule\index.php(13): CApplication->run()
#11 {main}
REQUEST_URI=/resultmodule/index.php?r=site/login
HTTP_REFERER=http://localhost/resultmodule/index.php?r=site/login
---
2017/05/26 10:14:36 [warning] [application] Failed to set unsafe attribute "rememberMe" of "Users".
in C:\wamp64\www\resultmodule\protected\controllers\SiteController.php (92)
in C:\wamp64\www\resultmodule\index.php (13)
2017/05/26 10:14:36 [error] [exception.CException] exception 'CException' with message 'Property "CWebApplication.Security" is not defined.' in C:\wamp64\www\yii\framework\base\CComponent.php:130
Stack trace:
#0 C:\wamp64\www\yii\framework\base\CModule.php(105): CComponent->__get('Security')
#1 C:\wamp64\www\resultmodule\protected\components\UserIdentity.php(25): CModule->__get('Security')
#2 C:\wamp64\www\resultmodule\protected\models\Users.php(121): UserIdentity->authenticate()
#3 C:\wamp64\www\resultmodule\protected\controllers\SiteController.php(93): Users->login()
#4 C:\wamp64\www\yii\framework\web\actions\CInlineAction.php(49): SiteController->actionLogin()
#5 C:\wamp64\www\yii\framework\web\CController.php(308): CInlineAction->runWithParams(Array)
#6 C:\wamp64\www\yii\framework\web\CController.php(286): CController->runAction(Object(CInlineAction))
#7 C:\wamp64\www\yii\framework\web\CController.php(265): CController->runActionWithFilters(Object(CInlineAction), Array)
#8 C:\wamp64\www\yii\framework\web\CWebApplication.php(282): CController->run('login')
#9 C:\wamp64\www\yii\framework\web\CWebApplication.php(141): CWebApplication->runController('site/login')
#10 C:\wamp64\www\yii\framework\base\CApplication.php(185): CWebApplication->processRequest()
#11 C:\wamp64\www\resultmodule\index.php(13): CApplication->run()
#12 {main}
REQUEST_URI=/resultmodule/index.php?r=site/login
HTTP_REFERER=http://localhost/resultmodule/index.php?r=site/login
---
2017/05/26 10:15:30 [warning] [application] Failed to set unsafe attribute "rememberMe" of "Users".
in C:\wamp64\www\resultmodule\protected\controllers\SiteController.php (92)
in C:\wamp64\www\resultmodule\index.php (13)
2017/05/26 10:15:30 [error] [exception.CException] exception 'CException' with message 'Property "CWebApplication.Security" is not defined.' in C:\wamp64\www\yii\framework\base\CComponent.php:130
Stack trace:
#0 C:\wamp64\www\yii\framework\base\CModule.php(105): CComponent->__get('Security')
#1 C:\wamp64\www\resultmodule\protected\components\UserIdentity.php(25): CModule->__get('Security')
#2 C:\wamp64\www\resultmodule\protected\models\Users.php(121): UserIdentity->authenticate()
#3 C:\wamp64\www\resultmodule\protected\controllers\SiteController.php(93): Users->login()
#4 C:\wamp64\www\yii\framework\web\actions\CInlineAction.php(49): SiteController->actionLogin()
#5 C:\wamp64\www\yii\framework\web\CController.php(308): CInlineAction->runWithParams(Array)
#6 C:\wamp64\www\yii\framework\web\CController.php(286): CController->runAction(Object(CInlineAction))
#7 C:\wamp64\www\yii\framework\web\CController.php(265): CController->runActionWithFilters(Object(CInlineAction), Array)
#8 C:\wamp64\www\yii\framework\web\CWebApplication.php(282): CController->run('login')
#9 C:\wamp64\www\yii\framework\web\CWebApplication.php(141): CWebApplication->runController('site/login')
#10 C:\wamp64\www\yii\framework\base\CApplication.php(185): CWebApplication->processRequest()
#11 C:\wamp64\www\resultmodule\index.php(13): CApplication->run()
#12 {main}
REQUEST_URI=/resultmodule/index.php?r=site/login
HTTP_REFERER=http://localhost/resultmodule/index.php?r=site/login
---
2017/05/26 10:16:06 [warning] [application] Failed to set unsafe attribute "rememberMe" of "Users".
in C:\wamp64\www\resultmodule\protected\controllers\SiteController.php (92)
in C:\wamp64\www\resultmodule\index.php (13)
2017/05/26 10:16:08 [warning] [application] Failed to set unsafe attribute "rememberMe" of "Users".
in C:\wamp64\www\resultmodule\protected\controllers\SiteController.php (92)
in C:\wamp64\www\resultmodule\index.php (13)
2017/05/26 10:16:09 [warning] [application] Failed to set unsafe attribute "rememberMe" of "Users".
in C:\wamp64\www\resultmodule\protected\controllers\SiteController.php (92)
in C:\wamp64\www\resultmodule\index.php (13)
2017/05/26 10:17:10 [warning] [application] Failed to set unsafe attribute "rememberMe" of "Users".
in C:\wamp64\www\resultmodule\protected\controllers\SiteController.php (92)
in C:\wamp64\www\resultmodule\index.php (13)
2017/05/26 10:17:26 [warning] [application] Failed to set unsafe attribute "rememberMe" of "Users".
in C:\wamp64\www\resultmodule\protected\controllers\SiteController.php (91)
in C:\wamp64\www\resultmodule\index.php (13)
2017/05/26 10:17:26 [error] [php] include(Employee.php): failed to open stream: No such file or directory (C:\wamp64\www\yii\framework\YiiBase.php:432)
Stack trace:
#0 C:\wamp64\www\resultmodule\protected\views\layouts\contentMain.php(55): spl_autoload_call()
#1 C:\wamp64\www\yii\framework\web\CBaseController.php(126): require()
#2 C:\wamp64\www\yii\framework\web\CBaseController.php(95): StudentController->renderInternal()
#3 C:\wamp64\www\yii\framework\web\widgets\CContentDecorator.php(76): StudentController->renderFile()
#4 C:\wamp64\www\yii\framework\web\widgets\CContentDecorator.php(54): CContentDecorator->decorate()
#5 C:\wamp64\www\yii\framework\web\widgets\COutputProcessor.php(44): CContentDecorator->processOutput()
#6 C:\wamp64\www\yii\framework\web\CBaseController.php(214): CContentDecorator->run()
#7 C:\wamp64\www\yii\framework\web\CBaseController.php(308): StudentController->endWidget()
#8 C:\wamp64\www\resultmodule\protected\views\layouts\contentLayout.php(5): StudentController->endContent()
#9 C:\wamp64\www\yii\framework\web\CBaseController.php(126): require()
#10 C:\wamp64\www\yii\framework\web\CBaseController.php(95): StudentController->renderInternal()
#11 C:\wamp64\www\yii\framework\web\CController.php(784): StudentController->renderFile()
#12 C:\wamp64\www\resultmodule\protected\controllers\StudentController.php(143): StudentController->render()
#13 C:\wamp64\www\yii\framework\web\actions\CInlineAction.php(49): StudentController->actionAdmin()
#14 C:\wamp64\www\yii\framework\web\CController.php(308): CInlineAction->runWithParams()
#15 C:\wamp64\www\yii\framework\web\filters\CFilterChain.php(133): StudentController->runAction()
#16 C:\wamp64\www\yii\framework\web\filters\CFilter.php(40): CFilterChain->run()
#17 C:\wamp64\www\yii\framework\web\CController.php(1145): CAccessControlFilter->filter()
#18 C:\wamp64\www\yii\framework\web\filters\CInlineFilter.php(58): StudentController->filterAccessControl()
#19 C:\wamp64\www\yii\framework\web\filters\CFilterChain.php(130): CInlineFilter->filter()
#20 C:\wamp64\www\yii\framework\web\CController.php(291): CFilterChain->run()
#21 C:\wamp64\www\yii\framework\web\CController.php(265): StudentController->runActionWithFilters()
#22 C:\wamp64\www\yii\framework\web\CWebApplication.php(282): StudentController->run()
#23 C:\wamp64\www\yii\framework\web\CWebApplication.php(141): CWebApplication->runController()
#24 C:\wamp64\www\yii\framework\base\CApplication.php(185): CWebApplication->processRequest()
#25 C:\wamp64\www\resultmodule\index.php(13): CWebApplication->run()
REQUEST_URI=/resultmodule/index.php?r=Student/admin
in C:\wamp64\www\resultmodule\protected\views\layouts\contentMain.php (55)
in C:\wamp64\www\resultmodule\protected\views\layouts\contentLayout.php (5)
in C:\wamp64\www\resultmodule\protected\controllers\StudentController.php (143)
2017/05/26 10:19:36 [error] [exception.CException] exception 'CException' with message 'Property "WebUser.TYPE" is not defined.' in C:\wamp64\www\yii\framework\base\CComponent.php:130
Stack trace:
#0 C:\wamp64\www\yii\framework\web\auth\CWebUser.php(146): CComponent->__get('TYPE')
#1 C:\wamp64\www\resultmodule\protected\components\WebUser.php(12): CWebUser->__get('TYPE')
#2 C:\wamp64\www\resultmodule\protected\views\layouts\contentMain.php(98): WebUser->__get('TYPE')
#3 C:\wamp64\www\yii\framework\web\CBaseController.php(126): require('C:\\wamp64\\www\\r...')
#4 C:\wamp64\www\yii\framework\web\CBaseController.php(95): CBaseController->renderInternal('C:\\wamp64\\www\\r...', Array, true)
#5 C:\wamp64\www\yii\framework\web\widgets\CContentDecorator.php(76): CBaseController->renderFile('C:\\wamp64\\www\\r...', Array, true)
#6 C:\wamp64\www\yii\framework\web\widgets\CContentDecorator.php(54): CContentDecorator->decorate('<div class="con...')
#7 C:\wamp64\www\yii\framework\web\widgets\COutputProcessor.php(44): CContentDecorator->processOutput('<div class="con...')
#8 C:\wamp64\www\yii\framework\web\CBaseController.php(214): COutputProcessor->run()
#9 C:\wamp64\www\yii\framework\web\CBaseController.php(308): CBaseController->endWidget('CContentDecorat...')
#10 C:\wamp64\www\resultmodule\protected\views\layouts\contentLayout.php(5): CBaseController->endContent()
#11 C:\wamp64\www\yii\framework\web\CBaseController.php(126): require('C:\\wamp64\\www\\r...')
#12 C:\wamp64\www\yii\framework\web\CBaseController.php(95): CBaseController->renderInternal('C:\\wamp64\\www\\r...', Array, true)
#13 C:\wamp64\www\yii\framework\web\CController.php(784): CBaseController->renderFile('C:\\wamp64\\www\\r...', Array, true)
#14 C:\wamp64\www\resultmodule\protected\controllers\StudentController.php(143): CController->render('admin', Array)
#15 C:\wamp64\www\yii\framework\web\actions\CInlineAction.php(49): StudentController->actionAdmin()
#16 C:\wamp64\www\yii\framework\web\CController.php(308): CInlineAction->runWithParams(Array)
#17 C:\wamp64\www\yii\framework\web\filters\CFilterChain.php(133): CController->runAction(Object(CInlineAction))
#18 C:\wamp64\www\yii\framework\web\filters\CFilter.php(40): CFilterChain->run()
#19 C:\wamp64\www\yii\framework\web\CController.php(1145): CFilter->filter(Object(CFilterChain))
#20 C:\wamp64\www\yii\framework\web\filters\CInlineFilter.php(58): CController->filterAccessControl(Object(CFilterChain))
#21 C:\wamp64\www\yii\framework\web\filters\CFilterChain.php(130): CInlineFilter->filter(Object(CFilterChain))
#22 C:\wamp64\www\yii\framework\web\CController.php(291): CFilterChain->run()
#23 C:\wamp64\www\yii\framework\web\CController.php(265): CController->runActionWithFilters(Object(CInlineAction), Array)
#24 C:\wamp64\www\yii\framework\web\CWebApplication.php(282): CController->run('admin')
#25 C:\wamp64\www\yii\framework\web\CWebApplication.php(141): CWebApplication->runController('Student/admin')
#26 C:\wamp64\www\yii\framework\base\CApplication.php(185): CWebApplication->processRequest()
#27 C:\wamp64\www\resultmodule\index.php(13): CApplication->run()
#28 {main}
REQUEST_URI=/resultmodule/index.php?r=Student/admin
HTTP_REFERER=http://localhost/resultmodule/index.php?r=site/login
---
2017/05/26 10:20:12 [error] [exception.CHttpException.404] exception 'CHttpException' with message 'Unable to resolve the request "Bill/create".' in C:\wamp64\www\yii\framework\web\CWebApplication.php:286
Stack trace:
#0 C:\wamp64\www\yii\framework\web\CWebApplication.php(141): CWebApplication->runController('Bill/create')
#1 C:\wamp64\www\yii\framework\base\CApplication.php(185): CWebApplication->processRequest()
#2 C:\wamp64\www\resultmodule\index.php(13): CApplication->run()
#3 {main}
REQUEST_URI=/resultmodule/index.php?r=Bill/create
HTTP_REFERER=http://localhost/resultmodule/index.php?r=Student/admin
---
2017/05/26 10:22:38 [error] [exception.CHttpException.404] exception 'CHttpException' with message 'Unable to resolve the request "Bill/create".' in C:\wamp64\www\yii\framework\web\CWebApplication.php:286
Stack trace:
#0 C:\wamp64\www\yii\framework\web\CWebApplication.php(141): CWebApplication->runController('Bill/create')
#1 C:\wamp64\www\yii\framework\base\CApplication.php(185): CWebApplication->processRequest()
#2 C:\wamp64\www\resultmodule\index.php(13): CApplication->run()
#3 {main}
REQUEST_URI=/resultmodule/index.php?r=Bill/create
HTTP_REFERER=http://localhost/resultmodule/index.php?r=Student/admin
---
2017/05/26 10:23:03 [error] [exception.CHttpException.404] exception 'CHttpException' with message 'Unable to resolve the request "Bill/create".' in C:\wamp64\www\yii\framework\web\CWebApplication.php:286
Stack trace:
#0 C:\wamp64\www\yii\framework\web\CWebApplication.php(141): CWebApplication->runController('Bill/create')
#1 C:\wamp64\www\yii\framework\base\CApplication.php(185): CWebApplication->processRequest()
#2 C:\wamp64\www\resultmodule\index.php(13): CApplication->run()
#3 {main}
REQUEST_URI=/resultmodule/index.php?r=Bill/create
HTTP_REFERER=http://localhost/resultmodule/index.php?r=Student/admin
---
2017/05/26 10:55:36 [error] [php] include(StudentMarks.php): failed to open stream: No such file or directory (C:\wamp64\www\yii\framework\YiiBase.php:432)
Stack trace:
#0 C:\wamp64\www\resultmodule\protected\controllers\StudentController.php(87): spl_autoload_call()
#1 C:\wamp64\www\yii\framework\web\actions\CInlineAction.php(49): StudentController->actionViewResult()
#2 C:\wamp64\www\yii\framework\web\CController.php(308): CInlineAction->runWithParams()
#3 C:\wamp64\www\yii\framework\web\filters\CFilterChain.php(133): StudentController->runAction()
#4 C:\wamp64\www\yii\framework\web\filters\CFilter.php(40): CFilterChain->run()
#5 C:\wamp64\www\yii\framework\web\CController.php(1145): CAccessControlFilter->filter()
#6 C:\wamp64\www\yii\framework\web\filters\CInlineFilter.php(58): StudentController->filterAccessControl()
#7 C:\wamp64\www\yii\framework\web\filters\CFilterChain.php(130): CInlineFilter->filter()
#8 C:\wamp64\www\yii\framework\web\CController.php(291): CFilterChain->run()
#9 C:\wamp64\www\yii\framework\web\CController.php(265): StudentController->runActionWithFilters()
#10 C:\wamp64\www\yii\framework\web\CWebApplication.php(282): StudentController->run()
#11 C:\wamp64\www\yii\framework\web\CWebApplication.php(141): CWebApplication->runController()
#12 C:\wamp64\www\yii\framework\base\CApplication.php(185): CWebApplication->processRequest()
#13 C:\wamp64\www\resultmodule\index.php(13): CWebApplication->run()
REQUEST_URI=/resultmodule/index.php?r=Student/viewResult
in C:\wamp64\www\resultmodule\protected\controllers\StudentController.php (87)
in C:\wamp64\www\resultmodule\index.php (13)
2017/05/26 10:56:01 [error] [exception.CException] exception 'CException' with message 'Property "StudentMarks.OBTAIN" is not defined.' in C:\wamp64\www\yii\framework\base\CComponent.php:130
Stack trace:
#0 C:\wamp64\www\yii\framework\db\ar\CActiveRecord.php(145): CComponent->__get('OBTAIN')
#1 C:\wamp64\www\resultmodule\protected\controllers\StudentController.php(88): CActiveRecord->__get('OBTAIN')
#2 C:\wamp64\www\yii\framework\web\actions\CInlineAction.php(49): StudentController->actionViewResult()
#3 C:\wamp64\www\yii\framework\web\CController.php(308): CInlineAction->runWithParams(Array)
#4 C:\wamp64\www\yii\framework\web\filters\CFilterChain.php(133): CController->runAction(Object(CInlineAction))
#5 C:\wamp64\www\yii\framework\web\filters\CFilter.php(40): CFilterChain->run()
#6 C:\wamp64\www\yii\framework\web\CController.php(1145): CFilter->filter(Object(CFilterChain))
#7 C:\wamp64\www\yii\framework\web\filters\CInlineFilter.php(58): CController->filterAccessControl(Object(CFilterChain))
#8 C:\wamp64\www\yii\framework\web\filters\CFilterChain.php(130): CInlineFilter->filter(Object(CFilterChain))
#9 C:\wamp64\www\yii\framework\web\CController.php(291): CFilterChain->run()
#10 C:\wamp64\www\yii\framework\web\CController.php(265): CController->runActionWithFilters(Object(CInlineAction), Array)
#11 C:\wamp64\www\yii\framework\web\CWebApplication.php(282): CController->run('viewResult')
#12 C:\wamp64\www\yii\framework\web\CWebApplication.php(141): CWebApplication->runController('Student/viewRes...')
#13 C:\wamp64\www\yii\framework\base\CApplication.php(185): CWebApplication->processRequest()
#14 C:\wamp64\www\resultmodule\index.php(13): CApplication->run()
#15 {main}
REQUEST_URI=/resultmodule/index.php?r=Student/viewResult
HTTP_REFERER=http://localhost/resultmodule/index.php?r=Student/viewResult
---
2017/05/26 11:03:28 [error] [php] Undefined variable: result (C:\wamp64\www\resultmodule\protected\views\student\viewResult.php:43)
Stack trace:
#0 C:\wamp64\www\yii\framework\web\CController.php(869): StudentController->renderFile()
#1 C:\wamp64\www\yii\framework\web\CController.php(782): StudentController->renderPartial()
#2 C:\wamp64\www\resultmodule\protected\controllers\StudentController.php(101): StudentController->render()
#3 C:\wamp64\www\yii\framework\web\actions\CInlineAction.php(49): StudentController->actionViewResult()
#4 C:\wamp64\www\yii\framework\web\CController.php(308): CInlineAction->runWithParams()
#5 C:\wamp64\www\yii\framework\web\filters\CFilterChain.php(133): StudentController->runAction()
#6 C:\wamp64\www\yii\framework\web\filters\CFilter.php(40): CFilterChain->run()
#7 C:\wamp64\www\yii\framework\web\CController.php(1145): CAccessControlFilter->filter()
#8 C:\wamp64\www\yii\framework\web\filters\CInlineFilter.php(58): StudentController->filterAccessControl()
#9 C:\wamp64\www\yii\framework\web\filters\CFilterChain.php(130): CInlineFilter->filter()
#10 C:\wamp64\www\yii\framework\web\CController.php(291): CFilterChain->run()
#11 C:\wamp64\www\yii\framework\web\CController.php(265): StudentController->runActionWithFilters()
#12 C:\wamp64\www\yii\framework\web\CWebApplication.php(282): StudentController->run()
#13 C:\wamp64\www\yii\framework\web\CWebApplication.php(141): CWebApplication->runController()
#14 C:\wamp64\www\yii\framework\base\CApplication.php(185): CWebApplication->processRequest()
#15 C:\wamp64\www\resultmodule\index.php(13): CWebApplication->run()
REQUEST_URI=/resultmodule/index.php?r=Student/viewResult
in C:\wamp64\www\resultmodule\protected\views\student\viewResult.php (43)
in C:\wamp64\www\resultmodule\protected\controllers\StudentController.php (101)
in C:\wamp64\www\resultmodule\index.php (13)
2017/05/26 11:13:18 [error] [exception.CException] exception 'CException' with message 'Property "Student.COURSE_ID" is not defined.' in C:\wamp64\www\yii\framework\base\CComponent.php:130
Stack trace:
#0 C:\wamp64\www\yii\framework\db\ar\CActiveRecord.php(145): CComponent->__get('COURSE_ID')
#1 C:\wamp64\www\resultmodule\protected\views\student\_form.php(24): CActiveRecord->__get('COURSE_ID')
#2 C:\wamp64\www\yii\framework\web\CBaseController.php(126): require('C:\\wamp64\\www\\r...')
#3 C:\wamp64\www\yii\framework\web\CBaseController.php(95): CBaseController->renderInternal('C:\\wamp64\\www\\r...', Array, true)
#4 C:\wamp64\www\yii\framework\web\CController.php(869): CBaseController->renderFile('C:\\wamp64\\www\\r...', Array, true)
#5 C:\wamp64\www\resultmodule\protected\views\student\create.php(13): CController->renderPartial('_form', Array)
#6 C:\wamp64\www\yii\framework\web\CBaseController.php(126): require('C:\\wamp64\\www\\r...')
#7 C:\wamp64\www\yii\framework\web\CBaseController.php(95): CBaseController->renderInternal('C:\\wamp64\\www\\r...', Array, true)
#8 C:\wamp64\www\yii\framework\web\CController.php(869): CBaseController->renderFile('C:\\wamp64\\www\\r...', Array, true)
#9 C:\wamp64\www\yii\framework\web\CController.php(782): CController->renderPartial('create', Array, true)
#10 C:\wamp64\www\resultmodule\protected\controllers\StudentController.php(124): CController->render('create', Array)
#11 C:\wamp64\www\yii\framework\web\actions\CInlineAction.php(49): StudentController->actionCreate()
#12 C:\wamp64\www\yii\framework\web\CController.php(308): CInlineAction->runWithParams(Array)
#13 C:\wamp64\www\yii\framework\web\filters\CFilterChain.php(133): CController->runAction(Object(CInlineAction))
#14 C:\wamp64\www\yii\framework\web\filters\CFilter.php(40): CFilterChain->run()
#15 C:\wamp64\www\yii\framework\web\CController.php(1145): CFilter->filter(Object(CFilterChain))
#16 C:\wamp64\www\yii\framework\web\filters\CInlineFilter.php(58): CController->filterAccessControl(Object(CFilterChain))
#17 C:\wamp64\www\yii\framework\web\filters\CFilterChain.php(130): CInlineFilter->filter(Object(CFilterChain))
#18 C:\wamp64\www\yii\framework\web\CController.php(291): CFilterChain->run()
#19 C:\wamp64\www\yii\framework\web\CController.php(265): CController->runActionWithFilters(Object(CInlineAction), Array)
#20 C:\wamp64\www\yii\framework\web\CWebApplication.php(282): CController->run('Create')
#21 C:\wamp64\www\yii\framework\web\CWebApplication.php(141): CWebApplication->runController('Student/Create')
#22 C:\wamp64\www\yii\framework\base\CApplication.php(185): CWebApplication->processRequest()
#23 C:\wamp64\www\resultmodule\index.php(13): CApplication->run()
#24 {main}
REQUEST_URI=/resultmodule/index.php?r=Student/Create
HTTP_REFERER=http://localhost/resultmodule/index.php?r=Student/viewResult
---
2017/05/26 11:23:40 [error] [exception.CHttpException.404] exception 'CHttpException' with message 'Unable to resolve the request "Course/Create".' in C:\wamp64\www\yii\framework\web\CWebApplication.php:286
Stack trace:
#0 C:\wamp64\www\yii\framework\web\CWebApplication.php(141): CWebApplication->runController('Course/Create')
#1 C:\wamp64\www\yii\framework\base\CApplication.php(185): CWebApplication->processRequest()
#2 C:\wamp64\www\resultmodule\index.php(13): CApplication->run()
#3 {main}
REQUEST_URI=/resultmodule/index.php?r=Course/Create
HTTP_REFERER=http://localhost/resultmodule/index.php?r=Student/Create
---
2017/05/26 11:43:00 [warning] [application] Failed to set unsafe attribute "Subjects" of "Course".
in C:\wamp64\www\resultmodule\protected\controllers\CourseController.php (72)
in C:\wamp64\www\resultmodule\index.php (13)
2017/05/26 11:46:39 [error] [exception.CHttpException.404] exception 'CHttpException' with message 'Unable to resolve the request "Subject/Create".' in C:\wamp64\www\yii\framework\web\CWebApplication.php:286
Stack trace:
#0 C:\wamp64\www\yii\framework\web\CWebApplication.php(141): CWebApplication->runController('Subject/Create')
#1 C:\wamp64\www\yii\framework\base\CApplication.php(185): CWebApplication->processRequest()
#2 C:\wamp64\www\resultmodule\index.php(13): CApplication->run()
#3 {main}
REQUEST_URI=/resultmodule/index.php?r=Subject/Create
HTTP_REFERER=http://localhost/resultmodule/index.php?r=Course/Create
---
2017/05/26 11:48:20 [warning] [application] Failed to set unsafe attribute "Subjects" of "Course".
in C:\wamp64\www\resultmodule\protected\controllers\CourseController.php (69)
in C:\wamp64\www\resultmodule\index.php (13)
2017/05/26 11:48:20 [error] [php] Undefined variable: Courses (C:\wamp64\www\resultmodule\protected\controllers\CourseController.php:73)
Stack trace:
#0 C:\wamp64\www\yii\framework\web\filters\CFilterChain.php(133): CourseController->runAction()
#1 C:\wamp64\www\yii\framework\web\filters\CFilter.php(40): CFilterChain->run()
#2 C:\wamp64\www\yii\framework\web\CController.php(1145): CAccessControlFilter->filter()
#3 C:\wamp64\www\yii\framework\web\filters\CInlineFilter.php(58): CourseController->filterAccessControl()
#4 C:\wamp64\www\yii\framework\web\filters\CFilterChain.php(130): CInlineFilter->filter()
#5 C:\wamp64\www\yii\framework\web\CController.php(291): CFilterChain->run()
#6 C:\wamp64\www\yii\framework\web\CController.php(265): CourseController->runActionWithFilters()
#7 C:\wamp64\www\yii\framework\web\CWebApplication.php(282): CourseController->run()
#8 C:\wamp64\www\yii\framework\web\CWebApplication.php(141): CWebApplication->runController()
#9 C:\wamp64\www\yii\framework\base\CApplication.php(185): CWebApplication->processRequest()
#10 C:\wamp64\www\resultmodule\index.php(13): CWebApplication->run()
REQUEST_URI=/resultmodule/index.php?r=Course/Create
in C:\wamp64\www\resultmodule\protected\controllers\CourseController.php (73)
in C:\wamp64\www\resultmodule\index.php (13)
2017/05/26 11:49:09 [warning] [application] Failed to set unsafe attribute "Subjects" of "Course".
in C:\wamp64\www\resultmodule\protected\controllers\CourseController.php (69)
in C:\wamp64\www\resultmodule\index.php (13)
2017/05/26 11:49:09 [error] [system.db.CDbCommand] CDbCommand::execute() failed: SQLSTATE[HY000]: General error: 1364 Field 'SUBJECT_ID' doesn't have a default value. The SQL statement executed was: INSERT INTO `tbl_course_subjects` (`COURSE_ID`) VALUES (:yp0).
in C:\wamp64\www\resultmodule\protected\controllers\CourseController.php (77)
in C:\wamp64\www\resultmodule\index.php (13)
2017/05/26 11:49:09 [error] [exception.CDbException] exception 'CDbException' with message 'CDbCommand failed to execute the SQL statement: SQLSTATE[HY000]: General error: 1364 Field 'SUBJECT_ID' doesn't have a default value. The SQL statement executed was: INSERT INTO `tbl_course_subjects` (`COURSE_ID`) VALUES (:yp0)' in C:\wamp64\www\yii\framework\db\CDbCommand.php:358
Stack trace:
#0 C:\wamp64\www\yii\framework\db\ar\CActiveRecord.php(1080): CDbCommand->execute()
#1 C:\wamp64\www\yii\framework\db\ar\CActiveRecord.php(809): CActiveRecord->insert(NULL)
#2 C:\wamp64\www\resultmodule\protected\controllers\CourseController.php(77): CActiveRecord->save(false)
#3 C:\wamp64\www\yii\framework\web\actions\CInlineAction.php(49): CourseController->actionCreate()
#4 C:\wamp64\www\yii\framework\web\CController.php(308): CInlineAction->runWithParams(Array)
#5 C:\wamp64\www\yii\framework\web\filters\CFilterChain.php(133): CController->runAction(Object(CInlineAction))
#6 C:\wamp64\www\yii\framework\web\filters\CFilter.php(40): CFilterChain->run()
#7 C:\wamp64\www\yii\framework\web\CController.php(1145): CFilter->filter(Object(CFilterChain))
#8 C:\wamp64\www\yii\framework\web\filters\CInlineFilter.php(58): CController->filterAccessControl(Object(CFilterChain))
#9 C:\wamp64\www\yii\framework\web\filters\CFilterChain.php(130): CInlineFilter->filter(Object(CFilterChain))
#10 C:\wamp64\www\yii\framework\web\CController.php(291): CFilterChain->run()
#11 C:\wamp64\www\yii\framework\web\CController.php(265): CController->runActionWithFilters(Object(CInlineAction), Array)
#12 C:\wamp64\www\yii\framework\web\CWebApplication.php(282): CController->run('Create')
#13 C:\wamp64\www\yii\framework\web\CWebApplication.php(141): CWebApplication->runController('Course/Create')
#14 C:\wamp64\www\yii\framework\base\CApplication.php(185): CWebApplication->processRequest()
#15 C:\wamp64\www\resultmodule\index.php(13): CApplication->run()
#16 {main}
REQUEST_URI=/resultmodule/index.php?r=Course/Create
HTTP_REFERER=http://localhost/resultmodule/index.php?r=Course/Create
---
2017/05/26 11:49:46 [warning] [application] Failed to set unsafe attribute "Subjects" of "Course".
in C:\wamp64\www\resultmodule\protected\controllers\CourseController.php (69)
in C:\wamp64\www\resultmodule\index.php (13)
2017/05/26 11:49:53 [error] [exception.CHttpException.404] exception 'CHttpException' with message 'Unable to resolve the request "Subject/Create".' in C:\wamp64\www\yii\framework\web\CWebApplication.php:286
Stack trace:
#0 C:\wamp64\www\yii\framework\web\CWebApplication.php(141): CWebApplication->runController('Subject/Create')
#1 C:\wamp64\www\yii\framework\base\CApplication.php(185): CWebApplication->processRequest()
#2 C:\wamp64\www\resultmodule\index.php(13): CApplication->run()
#3 {main}
REQUEST_URI=/resultmodule/index.php?r=Subject/Create
HTTP_REFERER=http://localhost/resultmodule/index.php?r=course/admin
---
2017/05/27 09:28:53 [error] [exception.CHttpException.404] CHttpException: The system is unable to find the requested action "addMarks". in /Applications/XAMPP/xamppfiles/htdocs/yii/framework/web/CController.php:484
Stack trace:
#0 /Applications/XAMPP/xamppfiles/htdocs/yii/framework/web/CController.php(271): CController->missingAction('addMarks')
#1 /Applications/XAMPP/xamppfiles/htdocs/yii/framework/web/CWebApplication.php(283): CController->run('addMarks')
#2 /Applications/XAMPP/xamppfiles/htdocs/yii/framework/web/CWebApplication.php(142): CWebApplication->runController('StudentMarks/ad...')
#3 /Applications/XAMPP/xamppfiles/htdocs/yii/framework/base/CApplication.php(162): CWebApplication->processRequest()
#4 /Applications/XAMPP/xamppfiles/htdocs/resultmodule/index.php(13): CApplication->run()
#5 {main}
REQUEST_URI=/resultmodule/index.php?r=StudentMarks/addMarks
HTTP_REFERER=http://localhost/resultmodule/index.php?r=Student/viewResult
---
2017/05/27 09:43:38 [error] [exception.CHttpException.404] CHttpException: The system is unable to find the requested action "loadStudentWithMarks". in /Applications/XAMPP/xamppfiles/htdocs/yii/framework/web/CController.php:484
Stack trace:
#0 /Applications/XAMPP/xamppfiles/htdocs/yii/framework/web/CController.php(271): CController->missingAction('loadStudentWith...')
#1 /Applications/XAMPP/xamppfiles/htdocs/yii/framework/web/CWebApplication.php(283): CController->run('loadStudentWith...')
#2 /Applications/XAMPP/xamppfiles/htdocs/yii/framework/web/CWebApplication.php(142): CWebApplication->runController('StudentMarks/lo...')
#3 /Applications/XAMPP/xamppfiles/htdocs/yii/framework/base/CApplication.php(162): CWebApplication->processRequest()
#4 /Applications/XAMPP/xamppfiles/htdocs/resultmodule/index.php(13): CApplication->run()
#5 {main}
REQUEST_URI=/resultmodule/index.php?r=StudentMarks/loadStudentWithMarks
---
2017/05/27 09:43:55 [error] [exception.CHttpException.404] CHttpException: The system is unable to find the requested action "loadStudentWithMarks". in /Applications/XAMPP/xamppfiles/htdocs/yii/framework/web/CController.php:484
Stack trace:
#0 /Applications/XAMPP/xamppfiles/htdocs/yii/framework/web/CController.php(271): CController->missingAction('loadStudentWith...')
#1 /Applications/XAMPP/xamppfiles/htdocs/yii/framework/web/CWebApplication.php(283): CController->run('loadStudentWith...')
#2 /Applications/XAMPP/xamppfiles/htdocs/yii/framework/web/CWebApplication.php(142): CWebApplication->runController('StudentMarks/lo...')
#3 /Applications/XAMPP/xamppfiles/htdocs/yii/framework/base/CApplication.php(162): CWebApplication->processRequest()
#4 /Applications/XAMPP/xamppfiles/htdocs/resultmodule/index.php(13): CApplication->run()
#5 {main}
REQUEST_URI=/resultmodule/index.php?r=StudentMarks/loadStudentWithMarks
---
2017/05/27 09:43:59 [error] [exception.CHttpException.404] CHttpException: The system is unable to find the requested action "loadMarks". in /Applications/XAMPP/xamppfiles/htdocs/yii/framework/web/CController.php:484
Stack trace:
#0 /Applications/XAMPP/xamppfiles/htdocs/yii/framework/web/CController.php(271): CController->missingAction('loadMarks')
#1 /Applications/XAMPP/xamppfiles/htdocs/yii/framework/web/CWebApplication.php(283): CController->run('loadMarks')
#2 /Applications/XAMPP/xamppfiles/htdocs/yii/framework/web/CWebApplication.php(142): CWebApplication->runController('StudentMarks/lo...')
#3 /Applications/XAMPP/xamppfiles/htdocs/yii/framework/base/CApplication.php(162): CWebApplication->processRequest()
#4 /Applications/XAMPP/xamppfiles/htdocs/resultmodule/index.php(13): CApplication->run()
#5 {main}
REQUEST_URI=/resultmodule/index.php?r=StudentMarks/loadMarks
---
2017/05/27 09:44:31 [error] [exception.CHttpException.404] CHttpException: The system is unable to find the requested action "loadMarks". in /Applications/XAMPP/xamppfiles/htdocs/yii/framework/web/CController.php:484
Stack trace:
#0 /Applications/XAMPP/xamppfiles/htdocs/yii/framework/web/CController.php(271): CController->missingAction('loadMarks')
#1 /Applications/XAMPP/xamppfiles/htdocs/yii/framework/web/CWebApplication.php(283): CController->run('loadMarks')
#2 /Applications/XAMPP/xamppfiles/htdocs/yii/framework/web/CWebApplication.php(142): CWebApplication->runController('StudentMarks/lo...')
#3 /Applications/XAMPP/xamppfiles/htdocs/yii/framework/base/CApplication.php(162): CWebApplication->processRequest()
#4 /Applications/XAMPP/xamppfiles/htdocs/resultmodule/index.php(13): CApplication->run()
#5 {main}
REQUEST_URI=/resultmodule/index.php?r=StudentMarks/loadMarks&course=1
---
2017/05/27 09:44:54 [error] [exception.CHttpException.404] CHttpException: The system is unable to find the requested action "loadMarks". in /Applications/XAMPP/xamppfiles/htdocs/yii/framework/web/CController.php:484
Stack trace:
#0 /Applications/XAMPP/xamppfiles/htdocs/yii/framework/web/CController.php(271): CController->missingAction('loadMarks')
#1 /Applications/XAMPP/xamppfiles/htdocs/yii/framework/web/CWebApplication.php(283): CController->run('loadMarks')
#2 /Applications/XAMPP/xamppfiles/htdocs/yii/framework/web/CWebApplication.php(142): CWebApplication->runController('StudentMarks/lo...')
#3 /Applications/XAMPP/xamppfiles/htdocs/yii/framework/base/CApplication.php(162): CWebApplication->processRequest()
#4 /Applications/XAMPP/xamppfiles/htdocs/resultmodule/index.php(13): CApplication->run()
#5 {main}
REQUEST_URI=/resultmodule/index.php?r=StudentMarks/loadMarks&course=1
---
2017/05/27 09:45:25 [error] [exception.CHttpException.404] CHttpException: The system is unable to find the requested action "loadMarks". in /Applications/XAMPP/xamppfiles/htdocs/yii/framework/web/CController.php:484
Stack trace:
#0 /Applications/XAMPP/xamppfiles/htdocs/yii/framework/web/CController.php(271): CController->missingAction('loadMarks')
#1 /Applications/XAMPP/xamppfiles/htdocs/yii/framework/web/CWebApplication.php(283): CController->run('loadMarks')
#2 /Applications/XAMPP/xamppfiles/htdocs/yii/framework/web/CWebApplication.php(142): CWebApplication->runController('StudentMarks/lo...')
#3 /Applications/XAMPP/xamppfiles/htdocs/yii/framework/base/CApplication.php(162): CWebApplication->processRequest()
#4 /Applications/XAMPP/xamppfiles/htdocs/resultmodule/index.php(13): CApplication->run()
#5 {main}
REQUEST_URI=/resultmodule/index.php?r=StudentMarks/loadMarks&course=1
---
2017/05/27 09:48:24 [error] [php] array_push() expects parameter 1 to be array, null given (/Applications/XAMPP/xamppfiles/htdocs/resultmodule/protected/controllers/StudentMarksController.php:98)
Stack trace:
#0 /Applications/XAMPP/xamppfiles/htdocs/yii/framework/web/actions/CAction.php(107): ReflectionMethod->invokeArgs()
#1 /Applications/XAMPP/xamppfiles/htdocs/yii/framework/web/actions/CInlineAction.php(48): CInlineAction->runWithParamsInternal()
#2 /Applications/XAMPP/xamppfiles/htdocs/yii/framework/web/CController.php(309): CInlineAction->runWithParams()
#3 /Applications/XAMPP/xamppfiles/htdocs/yii/framework/web/filters/CFilterChain.php(134): StudentMarksController->runAction()
#4 /Applications/XAMPP/xamppfiles/htdocs/yii/framework/web/filters/CFilter.php(41): CFilterChain->run()
#5 /Applications/XAMPP/xamppfiles/htdocs/yii/framework/web/CController.php(1146): CAccessControlFilter->filter()
#6 /Applications/XAMPP/xamppfiles/htdocs/yii/framework/web/filters/CInlineFilter.php(59): StudentMarksController->filterAccessControl()
#7 /Applications/XAMPP/xamppfiles/htdocs/yii/framework/web/filters/CFilterChain.php(131): CInlineFilter->filter()
#8 /Applications/XAMPP/xamppfiles/htdocs/yii/framework/web/CController.php(292): CFilterChain->run()
#9 /Applications/XAMPP/xamppfiles/htdocs/yii/framework/web/CController.php(266): StudentMarksController->runActionWithFilters()
#10 /Applications/XAMPP/xamppfiles/htdocs/yii/framework/web/CWebApplication.php(283): StudentMarksController->run()
#11 /Applications/XAMPP/xamppfiles/htdocs/yii/framework/web/CWebApplication.php(142): CWebApplication->runController()
#12 /Applications/XAMPP/xamppfiles/htdocs/yii/framework/base/CApplication.php(162): CWebApplication->processRequest()
#13 /Applications/XAMPP/xamppfiles/htdocs/resultmodule/index.php(13): CWebApplication->run()
REQUEST_URI=/resultmodule/index.php?r=StudentMarks/loadMarks&course=1
in /Applications/XAMPP/xamppfiles/htdocs/resultmodule/protected/controllers/StudentMarksController.php (98)
in /Applications/XAMPP/xamppfiles/htdocs/resultmodule/index.php (13)
2017/05/27 10:12:19 [error] [exception.CHttpException.400] CHttpException: Your request is invalid. in /Applications/XAMPP/xamppfiles/htdocs/yii/framework/web/CController.php:337
Stack trace:
#0 /Applications/XAMPP/xamppfiles/htdocs/yii/framework/web/CController.php(310): CController->invalidActionParams(Object(CInlineAction))
#1 /Applications/XAMPP/xamppfiles/htdocs/yii/framework/web/filters/CFilterChain.php(134): CController->runAction(Object(CInlineAction))
#2 /Applications/XAMPP/xamppfiles/htdocs/yii/framework/web/filters/CFilter.php(41): CFilterChain->run()
#3 /Applications/XAMPP/xamppfiles/htdocs/yii/framework/web/CController.php(1146): CFilter->filter(Object(CFilterChain))
#4 /Applications/XAMPP/xamppfiles/htdocs/yii/framework/web/filters/CInlineFilter.php(59): CController->filterAccessControl(Object(CFilterChain))
#5 /Applications/XAMPP/xamppfiles/htdocs/yii/framework/web/filters/CFilterChain.php(131): CInlineFilter->filter(Object(CFilterChain))
#6 /Applications/XAMPP/xamppfiles/htdocs/yii/framework/web/CController.php(292): CFilterChain->run()
#7 /Applications/XAMPP/xamppfiles/htdocs/yii/framework/web/CController.php(266): CController->runActionWithFilters(Object(CInlineAction), Array)
#8 /Applications/XAMPP/xamppfiles/htdocs/yii/framework/web/CWebApplication.php(283): CController->run('LoadMarks')
#9 /Applications/XAMPP/xamppfiles/htdocs/yii/framework/web/CWebApplication.php(142): CWebApplication->runController('StudentMarks/Lo...')
#10 /Applications/XAMPP/xamppfiles/htdocs/yii/framework/base/CApplication.php(162): CWebApplication->processRequest()
#11 /Applications/XAMPP/xamppfiles/htdocs/resultmodule/index.php(13): CApplication->run()
#12 {main}
REQUEST_URI=/resultmodule/index.php?r=StudentMarks/LoadMarks
HTTP_REFERER=http://localhost/resultmodule/index.php?r=StudentMarks/Create
---
2017/05/27 10:12:21 [error] [exception.CHttpException.400] CHttpException: Your request is invalid. in /Applications/XAMPP/xamppfiles/htdocs/yii/framework/web/CController.php:337
Stack trace:
#0 /Applications/XAMPP/xamppfiles/htdocs/yii/framework/web/CController.php(310): CController->invalidActionParams(Object(CInlineAction))
#1 /Applications/XAMPP/xamppfiles/htdocs/yii/framework/web/filters/CFilterChain.php(134): CController->runAction(Object(CInlineAction))
#2 /Applications/XAMPP/xamppfiles/htdocs/yii/framework/web/filters/CFilter.php(41): CFilterChain->run()
#3 /Applications/XAMPP/xamppfiles/htdocs/yii/framework/web/CController.php(1146): CFilter->filter(Object(CFilterChain))
#4 /Applications/XAMPP/xamppfiles/htdocs/yii/framework/web/filters/CInlineFilter.php(59): CController->filterAccessControl(Object(CFilterChain))
#5 /Applications/XAMPP/xamppfiles/htdocs/yii/framework/web/filters/CFilterChain.php(131): CInlineFilter->filter(Object(CFilterChain))
#6 /Applications/XAMPP/xamppfiles/htdocs/yii/framework/web/CController.php(292): CFilterChain->run()
#7 /Applications/XAMPP/xamppfiles/htdocs/yii/framework/web/CController.php(266): CController->runActionWithFilters(Object(CInlineAction), Array)
#8 /Applications/XAMPP/xamppfiles/htdocs/yii/framework/web/CWebApplication.php(283): CController->run('LoadMarks')
#9 /Applications/XAMPP/xamppfiles/htdocs/yii/framework/web/CWebApplication.php(142): CWebApplication->runController('StudentMarks/Lo...')
#10 /Applications/XAMPP/xamppfiles/htdocs/yii/framework/base/CApplication.php(162): CWebApplication->processRequest()
#11 /Applications/XAMPP/xamppfiles/htdocs/resultmodule/index.php(13): CApplication->run()
#12 {main}
REQUEST_URI=/resultmodule/index.php?r=StudentMarks/LoadMarks
HTTP_REFERER=http://localhost/resultmodule/index.php?r=StudentMarks/Create
---
2017/05/27 11:15:36 [error] [php] Undefined variable: courseSubject (/Applications/XAMPP/xamppfiles/htdocs/resultmodule/protected/controllers/StudentMarksController.php:92)
Stack trace:
#0 /Applications/XAMPP/xamppfiles/htdocs/yii/framework/web/actions/CInlineAction.php(48): CInlineAction->runWithParamsInternal()
#1 /Applications/XAMPP/xamppfiles/htdocs/yii/framework/web/CController.php(309): CInlineAction->runWithParams()
#2 /Applications/XAMPP/xamppfiles/htdocs/yii/framework/web/filters/CFilterChain.php(134): StudentMarksController->runAction()
#3 /Applications/XAMPP/xamppfiles/htdocs/yii/framework/web/filters/CFilter.php(41): CFilterChain->run()
#4 /Applications/XAMPP/xamppfiles/htdocs/yii/framework/web/CController.php(1146): CAccessControlFilter->filter()
#5 /Applications/XAMPP/xamppfiles/htdocs/yii/framework/web/filters/CInlineFilter.php(59): StudentMarksController->filterAccessControl()
#6 /Applications/XAMPP/xamppfiles/htdocs/yii/framework/web/filters/CFilterChain.php(131): CInlineFilter->filter()
#7 /Applications/XAMPP/xamppfiles/htdocs/yii/framework/web/CController.php(292): CFilterChain->run()
#8 /Applications/XAMPP/xamppfiles/htdocs/yii/framework/web/CController.php(266): StudentMarksController->runActionWithFilters()
#9 /Applications/XAMPP/xamppfiles/htdocs/yii/framework/web/CWebApplication.php(283): StudentMarksController->run()
#10 /Applications/XAMPP/xamppfiles/htdocs/yii/framework/web/CWebApplication.php(142): CWebApplication->runController()
#11 /Applications/XAMPP/xamppfiles/htdocs/yii/framework/base/CApplication.php(162): CWebApplication->processRequest()
#12 /Applications/XAMPP/xamppfiles/htdocs/resultmodule/index.php(13): CWebApplication->run()
REQUEST_URI=/resultmodule/index.php?r=StudentMarks/loadMarks&course=1
in /Applications/XAMPP/xamppfiles/htdocs/resultmodule/protected/controllers/StudentMarksController.php (92)
in /Applications/XAMPP/xamppfiles/htdocs/resultmodule/index.php (13)
2017/05/27 11:15:45 [error] [php] Trying to get property of non-object (/Applications/XAMPP/xamppfiles/htdocs/resultmodule/protected/controllers/StudentMarksController.php:96)
Stack trace:
#0 /Applications/XAMPP/xamppfiles/htdocs/yii/framework/web/actions/CInlineAction.php(48): CInlineAction->runWithParamsInternal()
#1 /Applications/XAMPP/xamppfiles/htdocs/yii/framework/web/CController.php(309): CInlineAction->runWithParams()
#2 /Applications/XAMPP/xamppfiles/htdocs/yii/framework/web/filters/CFilterChain.php(134): StudentMarksController->runAction()
#3 /Applications/XAMPP/xamppfiles/htdocs/yii/framework/web/filters/CFilter.php(41): CFilterChain->run()
#4 /Applications/XAMPP/xamppfiles/htdocs/yii/framework/web/CController.php(1146): CAccessControlFilter->filter()
#5 /Applications/XAMPP/xamppfiles/htdocs/yii/framework/web/filters/CInlineFilter.php(59): StudentMarksController->filterAccessControl()
#6 /Applications/XAMPP/xamppfiles/htdocs/yii/framework/web/filters/CFilterChain.php(131): CInlineFilter->filter()
#7 /Applications/XAMPP/xamppfiles/htdocs/yii/framework/web/CController.php(292): CFilterChain->run()
#8 /Applications/XAMPP/xamppfiles/htdocs/yii/framework/web/CController.php(266): StudentMarksController->runActionWithFilters()
#9 /Applications/XAMPP/xamppfiles/htdocs/yii/framework/web/CWebApplication.php(283): StudentMarksController->run()
#10 /Applications/XAMPP/xamppfiles/htdocs/yii/framework/web/CWebApplication.php(142): CWebApplication->runController()
#11 /Applications/XAMPP/xamppfiles/htdocs/yii/framework/base/CApplication.php(162): CWebApplication->processRequest()
#12 /Applications/XAMPP/xamppfiles/htdocs/resultmodule/index.php(13): CWebApplication->run()
REQUEST_URI=/resultmodule/index.php?r=StudentMarks/loadMarks&course=1
in /Applications/XAMPP/xamppfiles/htdocs/resultmodule/protected/controllers/StudentMarksController.php (96)
in /Applications/XAMPP/xamppfiles/htdocs/resultmodule/index.php (13)
2017/05/27 11:16:17 [error] [php] Trying to get property of non-object (/Applications/XAMPP/xamppfiles/htdocs/resultmodule/protected/controllers/StudentMarksController.php:93)
Stack trace:
#0 /Applications/XAMPP/xamppfiles/htdocs/yii/framework/web/actions/CInlineAction.php(48): CInlineAction->runWithParamsInternal()
#1 /Applications/XAMPP/xamppfiles/htdocs/yii/framework/web/CController.php(309): CInlineAction->runWithParams()
#2 /Applications/XAMPP/xamppfiles/htdocs/yii/framework/web/filters/CFilterChain.php(134): StudentMarksController->runAction()
#3 /Applications/XAMPP/xamppfiles/htdocs/yii/framework/web/filters/CFilter.php(41): CFilterChain->run()
#4 /Applications/XAMPP/xamppfiles/htdocs/yii/framework/web/CController.php(1146): CAccessControlFilter->filter()
#5 /Applications/XAMPP/xamppfiles/htdocs/yii/framework/web/filters/CInlineFilter.php(59): StudentMarksController->filterAccessControl()
#6 /Applications/XAMPP/xamppfiles/htdocs/yii/framework/web/filters/CFilterChain.php(131): CInlineFilter->filter()
#7 /Applications/XAMPP/xamppfiles/htdocs/yii/framework/web/CController.php(292): CFilterChain->run()
#8 /Applications/XAMPP/xamppfiles/htdocs/yii/framework/web/CController.php(266): StudentMarksController->runActionWithFilters()
#9 /Applications/XAMPP/xamppfiles/htdocs/yii/framework/web/CWebApplication.php(283): StudentMarksController->run()
#10 /Applications/XAMPP/xamppfiles/htdocs/yii/framework/web/CWebApplication.php(142): CWebApplication->runController()
#11 /Applications/XAMPP/xamppfiles/htdocs/yii/framework/base/CApplication.php(162): CWebApplication->processRequest()
#12 /Applications/XAMPP/xamppfiles/htdocs/resultmodule/index.php(13): CWebApplication->run()
REQUEST_URI=/resultmodule/index.php?r=StudentMarks/loadMarks&course=1
in /Applications/XAMPP/xamppfiles/htdocs/resultmodule/protected/controllers/StudentMarksController.php (93)
in /Applications/XAMPP/xamppfiles/htdocs/resultmodule/index.php (13)
2017/05/27 11:16:52 [error] [php] Trying to get property of non-object (/Applications/XAMPP/xamppfiles/htdocs/resultmodule/protected/controllers/StudentMarksController.php:93)
Stack trace:
#0 /Applications/XAMPP/xamppfiles/htdocs/yii/framework/web/actions/CInlineAction.php(48): CInlineAction->runWithParamsInternal()
#1 /Applications/XAMPP/xamppfiles/htdocs/yii/framework/web/CController.php(309): CInlineAction->runWithParams()
#2 /Applications/XAMPP/xamppfiles/htdocs/yii/framework/web/filters/CFilterChain.php(134): StudentMarksController->runAction()
#3 /Applications/XAMPP/xamppfiles/htdocs/yii/framework/web/filters/CFilter.php(41): CFilterChain->run()
#4 /Applications/XAMPP/xamppfiles/htdocs/yii/framework/web/CController.php(1146): CAccessControlFilter->filter()
#5 /Applications/XAMPP/xamppfiles/htdocs/yii/framework/web/filters/CInlineFilter.php(59): StudentMarksController->filterAccessControl()
#6 /Applications/XAMPP/xamppfiles/htdocs/yii/framework/web/filters/CFilterChain.php(131): CInlineFilter->filter()
#7 /Applications/XAMPP/xamppfiles/htdocs/yii/framework/web/CController.php(292): CFilterChain->run()
#8 /Applications/XAMPP/xamppfiles/htdocs/yii/framework/web/CController.php(266): StudentMarksController->runActionWithFilters()
#9 /Applications/XAMPP/xamppfiles/htdocs/yii/framework/web/CWebApplication.php(283): StudentMarksController->run()
#10 /Applications/XAMPP/xamppfiles/htdocs/yii/framework/web/CWebApplication.php(142): CWebApplication->runController()
#11 /Applications/XAMPP/xamppfiles/htdocs/yii/framework/base/CApplication.php(162): CWebApplication->processRequest()
#12 /Applications/XAMPP/xamppfiles/htdocs/resultmodule/index.php(13): CWebApplication->run()
REQUEST_URI=/resultmodule/index.php?r=StudentMarks/loadMarks&course=1
in /Applications/XAMPP/xamppfiles/htdocs/resultmodule/protected/controllers/StudentMarksController.php (93)
in /Applications/XAMPP/xamppfiles/htdocs/resultmodule/index.php (13)
2017/05/27 11:16:59 [error] [php] Trying to get property of non-object (/Applications/XAMPP/xamppfiles/htdocs/resultmodule/protected/controllers/StudentMarksController.php:93)
Stack trace:
#0 /Applications/XAMPP/xamppfiles/htdocs/yii/framework/web/actions/CInlineAction.php(48): CInlineAction->runWithParamsInternal()
#1 /Applications/XAMPP/xamppfiles/htdocs/yii/framework/web/CController.php(309): CInlineAction->runWithParams()
#2 /Applications/XAMPP/xamppfiles/htdocs/yii/framework/web/filters/CFilterChain.php(134): StudentMarksController->runAction()
#3 /Applications/XAMPP/xamppfiles/htdocs/yii/framework/web/filters/CFilter.php(41): CFilterChain->run()
#4 /Applications/XAMPP/xamppfiles/htdocs/yii/framework/web/CController.php(1146): CAccessControlFilter->filter()
#5 /Applications/XAMPP/xamppfiles/htdocs/yii/framework/web/filters/CInlineFilter.php(59): StudentMarksController->filterAccessControl()
#6 /Applications/XAMPP/xamppfiles/htdocs/yii/framework/web/filters/CFilterChain.php(131): CInlineFilter->filter()
#7 /Applications/XAMPP/xamppfiles/htdocs/yii/framework/web/CController.php(292): CFilterChain->run()
#8 /Applications/XAMPP/xamppfiles/htdocs/yii/framework/web/CController.php(266): StudentMarksController->runActionWithFilters()
#9 /Applications/XAMPP/xamppfiles/htdocs/yii/framework/web/CWebApplication.php(283): StudentMarksController->run()
#10 /Applications/XAMPP/xamppfiles/htdocs/yii/framework/web/CWebApplication.php(142): CWebApplication->runController()
#11 /Applications/XAMPP/xamppfiles/htdocs/yii/framework/base/CApplication.php(162): CWebApplication->processRequest()
#12 /Applications/XAMPP/xamppfiles/htdocs/resultmodule/index.php(13): CWebApplication->run()
REQUEST_URI=/resultmodule/index.php?r=StudentMarks/loadMarks&course=1
in /Applications/XAMPP/xamppfiles/htdocs/resultmodule/protected/controllers/StudentMarksController.php (93)
in /Applications/XAMPP/xamppfiles/htdocs/resultmodule/index.php (13)
2017/05/27 11:18:19 [error] [php] Trying to get property of non-object (/Applications/XAMPP/xamppfiles/htdocs/resultmodule/protected/controllers/StudentMarksController.php:93)
Stack trace:
#0 /Applications/XAMPP/xamppfiles/htdocs/yii/framework/web/actions/CInlineAction.php(48): CInlineAction->runWithParamsInternal()
#1 /Applications/XAMPP/xamppfiles/htdocs/yii/framework/web/CController.php(309): CInlineAction->runWithParams()
#2 /Applications/XAMPP/xamppfiles/htdocs/yii/framework/web/filters/CFilterChain.php(134): StudentMarksController->runAction()
#3 /Applications/XAMPP/xamppfiles/htdocs/yii/framework/web/filters/CFilter.php(41): CFilterChain->run()
#4 /Applications/XAMPP/xamppfiles/htdocs/yii/framework/web/CController.php(1146): CAccessControlFilter->filter()
#5 /Applications/XAMPP/xamppfiles/htdocs/yii/framework/web/filters/CInlineFilter.php(59): StudentMarksController->filterAccessControl()
#6 /Applications/XAMPP/xamppfiles/htdocs/yii/framework/web/filters/CFilterChain.php(131): CInlineFilter->filter()
#7 /Applications/XAMPP/xamppfiles/htdocs/yii/framework/web/CController.php(292): CFilterChain->run()
#8 /Applications/XAMPP/xamppfiles/htdocs/yii/framework/web/CController.php(266): StudentMarksController->runActionWithFilters()
#9 /Applications/XAMPP/xamppfiles/htdocs/yii/framework/web/CWebApplication.php(283): StudentMarksController->run()
#10 /Applications/XAMPP/xamppfiles/htdocs/yii/framework/web/CWebApplication.php(142): CWebApplication->runController()
#11 /Applications/XAMPP/xamppfiles/htdocs/yii/framework/base/CApplication.php(162): CWebApplication->processRequest()
#12 /Applications/XAMPP/xamppfiles/htdocs/resultmodule/index.php(13): CWebApplication->run()
REQUEST_URI=/resultmodule/index.php?r=StudentMarks/loadMarks&course=1
in /Applications/XAMPP/xamppfiles/htdocs/resultmodule/protected/controllers/StudentMarksController.php (93)
in /Applications/XAMPP/xamppfiles/htdocs/resultmodule/index.php (13)
2017/05/27 11:18:21 [error] [php] Trying to get property of non-object (/Applications/XAMPP/xamppfiles/htdocs/resultmodule/protected/controllers/StudentMarksController.php:93)
Stack trace:
#0 /Applications/XAMPP/xamppfiles/htdocs/yii/framework/web/actions/CInlineAction.php(48): CInlineAction->runWithParamsInternal()
#1 /Applications/XAMPP/xamppfiles/htdocs/yii/framework/web/CController.php(309): CInlineAction->runWithParams()
#2 /Applications/XAMPP/xamppfiles/htdocs/yii/framework/web/filters/CFilterChain.php(134): StudentMarksController->runAction()
#3 /Applications/XAMPP/xamppfiles/htdocs/yii/framework/web/filters/CFilter.php(41): CFilterChain->run()
#4 /Applications/XAMPP/xamppfiles/htdocs/yii/framework/web/CController.php(1146): CAccessControlFilter->filter()
#5 /Applications/XAMPP/xamppfiles/htdocs/yii/framework/web/filters/CInlineFilter.php(59): StudentMarksController->filterAccessControl()
#6 /Applications/XAMPP/xamppfiles/htdocs/yii/framework/web/filters/CFilterChain.php(131): CInlineFilter->filter()
#7 /Applications/XAMPP/xamppfiles/htdocs/yii/framework/web/CController.php(292): CFilterChain->run()
#8 /Applications/XAMPP/xamppfiles/htdocs/yii/framework/web/CController.php(266): StudentMarksController->runActionWithFilters()
#9 /Applications/XAMPP/xamppfiles/htdocs/yii/framework/web/CWebApplication.php(283): StudentMarksController->run()
#10 /Applications/XAMPP/xamppfiles/htdocs/yii/framework/web/CWebApplication.php(142): CWebApplication->runController()
#11 /Applications/XAMPP/xamppfiles/htdocs/yii/framework/base/CApplication.php(162): CWebApplication->processRequest()
#12 /Applications/XAMPP/xamppfiles/htdocs/resultmodule/index.php(13): CWebApplication->run()
REQUEST_URI=/resultmodule/index.php?r=StudentMarks/loadMarks&course=1
in /Applications/XAMPP/xamppfiles/htdocs/resultmodule/protected/controllers/StudentMarksController.php (93)
in /Applications/XAMPP/xamppfiles/htdocs/resultmodule/index.php (13)
2017/05/27 12:07:53 [error] [php] Undefined index: Student (/Applications/XAMPP/xamppfiles/htdocs/resultmodule/protected/controllers/StudentMarksController.php:72)
Stack trace:
#0 /Applications/XAMPP/xamppfiles/htdocs/yii/framework/web/filters/CFilterChain.php(134): StudentMarksController->runAction()
#1 /Applications/XAMPP/xamppfiles/htdocs/yii/framework/web/filters/CFilter.php(41): CFilterChain->run()
#2 /Applications/XAMPP/xamppfiles/htdocs/yii/framework/web/CController.php(1146): CAccessControlFilter->filter()
#3 /Applications/XAMPP/xamppfiles/htdocs/yii/framework/web/filters/CInlineFilter.php(59): StudentMarksController->filterAccessControl()
#4 /Applications/XAMPP/xamppfiles/htdocs/yii/framework/web/filters/CFilterChain.php(131): CInlineFilter->filter()
#5 /Applications/XAMPP/xamppfiles/htdocs/yii/framework/web/CController.php(292): CFilterChain->run()
#6 /Applications/XAMPP/xamppfiles/htdocs/yii/framework/web/CController.php(266): StudentMarksController->runActionWithFilters()
#7 /Applications/XAMPP/xamppfiles/htdocs/yii/framework/web/CWebApplication.php(283): StudentMarksController->run()
#8 /Applications/XAMPP/xamppfiles/htdocs/yii/framework/web/CWebApplication.php(142): CWebApplication->runController()
#9 /Applications/XAMPP/xamppfiles/htdocs/yii/framework/base/CApplication.php(162): CWebApplication->processRequest()
#10 /Applications/XAMPP/xamppfiles/htdocs/resultmodule/index.php(13): CWebApplication->run()
REQUEST_URI=/resultmodule/index.php?r=StudentMarks/Create
in /Applications/XAMPP/xamppfiles/htdocs/resultmodule/protected/controllers/StudentMarksController.php (72)
in /Applications/XAMPP/xamppfiles/htdocs/resultmodule/index.php (13)
2017/05/27 12:16:37 [warning] [application] Failed to set unsafe attribute "rememberMe" of "Users".
in /Applications/XAMPP/xamppfiles/htdocs/resultmodule/protected/controllers/SiteController.php (91)
in /Applications/XAMPP/xamppfiles/htdocs/resultmodule/index.php (13)
2017/05/27 12:16:42 [warning] [application] Failed to set unsafe attribute "rememberMe" of "Users".
in /Applications/XAMPP/xamppfiles/htdocs/resultmodule/protected/controllers/SiteController.php (91)
in /Applications/XAMPP/xamppfiles/htdocs/resultmodule/index.php (13)
2017/05/27 12:19:30 [error] [php] Trying to get property of non-object (/Applications/XAMPP/xamppfiles/htdocs/resultmodule/protected/controllers/StudentController.php:88)
Stack trace:
#0 /Applications/XAMPP/xamppfiles/htdocs/yii/framework/web/filters/CFilterChain.php(134): StudentController->runAction()
#1 /Applications/XAMPP/xamppfiles/htdocs/yii/framework/web/filters/CFilter.php(41): CFilterChain->run()
#2 /Applications/XAMPP/xamppfiles/htdocs/yii/framework/web/CController.php(1146): CAccessControlFilter->filter()
#3 /Applications/XAMPP/xamppfiles/htdocs/yii/framework/web/filters/CInlineFilter.php(59): StudentController->filterAccessControl()
#4 /Applications/XAMPP/xamppfiles/htdocs/yii/framework/web/filters/CFilterChain.php(131): CInlineFilter->filter()
#5 /Applications/XAMPP/xamppfiles/htdocs/yii/framework/web/CController.php(292): CFilterChain->run()
#6 /Applications/XAMPP/xamppfiles/htdocs/yii/framework/web/CController.php(266): StudentController->runActionWithFilters()
#7 /Applications/XAMPP/xamppfiles/htdocs/yii/framework/web/CWebApplication.php(283): StudentController->run()
#8 /Applications/XAMPP/xamppfiles/htdocs/yii/framework/web/CWebApplication.php(142): CWebApplication->runController()
#9 /Applications/XAMPP/xamppfiles/htdocs/yii/framework/base/CApplication.php(162): CWebApplication->processRequest()
#10 /Applications/XAMPP/xamppfiles/htdocs/resultmodule/index.php(13): CWebApplication->run()
REQUEST_URI=/resultmodule/index.php?r=Student/viewResult
in /Applications/XAMPP/xamppfiles/htdocs/resultmodule/protected/controllers/StudentController.php (88)
in /Applications/XAMPP/xamppfiles/htdocs/resultmodule/index.php (13)
2017/05/27 12:20:22 [error] [php] Trying to get property of non-object (/Applications/XAMPP/xamppfiles/htdocs/resultmodule/protected/controllers/StudentController.php:88)
Stack trace:
#0 /Applications/XAMPP/xamppfiles/htdocs/yii/framework/web/filters/CFilterChain.php(134): StudentController->runAction()
#1 /Applications/XAMPP/xamppfiles/htdocs/yii/framework/web/filters/CFilter.php(41): CFilterChain->run()
#2 /Applications/XAMPP/xamppfiles/htdocs/yii/framework/web/CController.php(1146): CAccessControlFilter->filter()
#3 /Applications/XAMPP/xamppfiles/htdocs/yii/framework/web/filters/CInlineFilter.php(59): StudentController->filterAccessControl()
#4 /Applications/XAMPP/xamppfiles/htdocs/yii/framework/web/filters/CFilterChain.php(131): CInlineFilter->filter()
#5 /Applications/XAMPP/xamppfiles/htdocs/yii/framework/web/CController.php(292): CFilterChain->run()
#6 /Applications/XAMPP/xamppfiles/htdocs/yii/framework/web/CController.php(266): StudentController->runActionWithFilters()
#7 /Applications/XAMPP/xamppfiles/htdocs/yii/framework/web/CWebApplication.php(283): StudentController->run()
#8 /Applications/XAMPP/xamppfiles/htdocs/yii/framework/web/CWebApplication.php(142): CWebApplication->runController()
#9 /Applications/XAMPP/xamppfiles/htdocs/yii/framework/base/CApplication.php(162): CWebApplication->processRequest()
#10 /Applications/XAMPP/xamppfiles/htdocs/resultmodule/index.php(13): CWebApplication->run()
REQUEST_URI=/resultmodule/index.php?r=Student/viewResult
in /Applications/XAMPP/xamppfiles/htdocs/resultmodule/protected/controllers/StudentController.php (88)
in /Applications/XAMPP/xamppfiles/htdocs/resultmodule/index.php (13)
2017/05/27 07:45:12 [error] [exception.CDbException] exception 'CDbException' with message 'CDbConnection failed to open the DB connection: SQLSTATE[28000] [1045] Access denied for user 'rpsaec_admin'@'104.219.248.78' (using password: YES)' in /home/rpsaec/public_html/yii/framework/db/CDbConnection.php:382
Stack trace:
#0 /home/rpsaec/public_html/yii/framework/db/CDbConnection.php(331): CDbConnection->open()
#1 /home/rpsaec/public_html/yii/framework/db/CDbConnection.php(309): CDbConnection->setActive(true)
#2 /home/rpsaec/public_html/yii/framework/base/CModule.php(388): CDbConnection->init()
#3 /home/rpsaec/public_html/yii/framework/base/CApplication.php(431): CModule->getComponent('db')
#4 /home/rpsaec/public_html/yii/framework/db/ar/CActiveRecord.php(624): CApplication->getDb()
#5 /home/rpsaec/public_html/yii/framework/db/ar/CActiveRecord.php(2311): CActiveRecord->getDbConnection()
#6 /home/rpsaec/public_html/yii/framework/db/ar/CActiveRecord.php(388): CActiveRecordMetaData->__construct(Object(Users))
#7 /home/rpsaec/public_html/yii/framework/db/ar/CActiveRecord.php(403): CActiveRecord::model('Users')
#8 /home/rpsaec/public_html/yii/framework/db/ar/CActiveRecord.php(78): CActiveRecord->getMetaData()
#9 /home/rpsaec/public_html/admin/protected/controllers/SiteController.php(81): CActiveRecord->__construct()
#10 /home/rpsaec/public_html/yii/framework/web/actions/CInlineAction.php(50): SiteController->actionLogin()
#11 /home/rpsaec/public_html/yii/framework/web/CController.php(309): CInlineAction->runWithParams(Array)
#12 /home/rpsaec/public_html/yii/framework/web/CController.php(287): CController->runAction(Object(CInlineAction))
#13 /home/rpsaec/public_html/yii/framework/web/CController.php(266): CController->runActionWithFilters(Object(CInlineAction), Array)
#14 /home/rpsaec/public_html/yii/framework/web/CWebApplication.php(283): CController->run('login')
#15 /home/rpsaec/public_html/yii/framework/web/CWebApplication.php(142): CWebApplication->runController('')
#16 /home/rpsaec/public_html/yii/framework/base/CApplication.php(162): CWebApplication->processRequest()
#17 /home/rpsaec/public_html/admin/index.php(13): CApplication->run()
#18 {main}
REQUEST_URI=/admin/
---
2017/05/27 07:46:19 [error] [exception.CDbException] exception 'CDbException' with message 'CDbConnection failed to open the DB connection: SQLSTATE[28000] [1045] Access denied for user 'rpsaec_admin'@'104.219.248.78' (using password: YES)' in /home/rpsaec/public_html/yii/framework/db/CDbConnection.php:382
Stack trace:
#0 /home/rpsaec/public_html/yii/framework/db/CDbConnection.php(331): CDbConnection->open()
#1 /home/rpsaec/public_html/yii/framework/db/CDbConnection.php(309): CDbConnection->setActive(true)
#2 /home/rpsaec/public_html/yii/framework/base/CModule.php(388): CDbConnection->init()
#3 /home/rpsaec/public_html/yii/framework/base/CApplication.php(431): CModule->getComponent('db')
#4 /home/rpsaec/public_html/yii/framework/db/ar/CActiveRecord.php(624): CApplication->getDb()
#5 /home/rpsaec/public_html/yii/framework/db/ar/CActiveRecord.php(2311): CActiveRecord->getDbConnection()
#6 /home/rpsaec/public_html/yii/framework/db/ar/CActiveRecord.php(388): CActiveRecordMetaData->__construct(Object(Users))
#7 /home/rpsaec/public_html/yii/framework/db/ar/CActiveRecord.php(403): CActiveRecord::model('Users')
#8 /home/rpsaec/public_html/yii/framework/db/ar/CActiveRecord.php(78): CActiveRecord->getMetaData()
#9 /home/rpsaec/public_html/admin/protected/controllers/SiteController.php(81): CActiveRecord->__construct()
#10 /home/rpsaec/public_html/yii/framework/web/actions/CInlineAction.php(50): SiteController->actionLogin()
#11 /home/rpsaec/public_html/yii/framework/web/CController.php(309): CInlineAction->runWithParams(Array)
#12 /home/rpsaec/public_html/yii/framework/web/CController.php(287): CController->runAction(Object(CInlineAction))
#13 /home/rpsaec/public_html/yii/framework/web/CController.php(266): CController->runActionWithFilters(Object(CInlineAction), Array)
#14 /home/rpsaec/public_html/yii/framework/web/CWebApplication.php(283): CController->run('login')
#15 /home/rpsaec/public_html/yii/framework/web/CWebApplication.php(142): CWebApplication->runController('')
#16 /home/rpsaec/public_html/yii/framework/base/CApplication.php(162): CWebApplication->processRequest()
#17 /home/rpsaec/public_html/admin/index.php(13): CApplication->run()
#18 {main}
REQUEST_URI=/admin/
---
2017/05/27 07:46:21 [error] [exception.CDbException] exception 'CDbException' with message 'CDbConnection failed to open the DB connection: SQLSTATE[28000] [1045] Access denied for user 'rpsaec_admin'@'104.219.248.78' (using password: YES)' in /home/rpsaec/public_html/yii/framework/db/CDbConnection.php:382
Stack trace:
#0 /home/rpsaec/public_html/yii/framework/db/CDbConnection.php(331): CDbConnection->open()
#1 /home/rpsaec/public_html/yii/framework/db/CDbConnection.php(309): CDbConnection->setActive(true)
#2 /home/rpsaec/public_html/yii/framework/base/CModule.php(388): CDbConnection->init()
#3 /home/rpsaec/public_html/yii/framework/base/CApplication.php(431): CModule->getComponent('db')
#4 /home/rpsaec/public_html/yii/framework/db/ar/CActiveRecord.php(624): CApplication->getDb()
#5 /home/rpsaec/public_html/yii/framework/db/ar/CActiveRecord.php(2311): CActiveRecord->getDbConnection()
#6 /home/rpsaec/public_html/yii/framework/db/ar/CActiveRecord.php(388): CActiveRecordMetaData->__construct(Object(Users))
#7 /home/rpsaec/public_html/yii/framework/db/ar/CActiveRecord.php(403): CActiveRecord::model('Users')
#8 /home/rpsaec/public_html/yii/framework/db/ar/CActiveRecord.php(78): CActiveRecord->getMetaData()
#9 /home/rpsaec/public_html/admin/protected/controllers/SiteController.php(81): CActiveRecord->__construct()
#10 /home/rpsaec/public_html/yii/framework/web/actions/CInlineAction.php(50): SiteController->actionLogin()
#11 /home/rpsaec/public_html/yii/framework/web/CController.php(309): CInlineAction->runWithParams(Array)
#12 /home/rpsaec/public_html/yii/framework/web/CController.php(287): CController->runAction(Object(CInlineAction))
#13 /home/rpsaec/public_html/yii/framework/web/CController.php(266): CController->runActionWithFilters(Object(CInlineAction), Array)
#14 /home/rpsaec/public_html/yii/framework/web/CWebApplication.php(283): CController->run('login')
#15 /home/rpsaec/public_html/yii/framework/web/CWebApplication.php(142): CWebApplication->runController('')
#16 /home/rpsaec/public_html/yii/framework/base/CApplication.php(162): CWebApplication->processRequest()
#17 /home/rpsaec/public_html/admin/index.php(13): CApplication->run()
#18 {main}
REQUEST_URI=/admin/
---
2017/05/27 07:52:11 [error] [exception.CDbException] exception 'CDbException' with message 'CDbConnection failed to open the DB connection: SQLSTATE[28000] [1045] Access denied for user 'rpsaec_admin'@'104.219.248.78' (using password: YES)' in /home/rpsaec/public_html/yii/framework/db/CDbConnection.php:382
Stack trace:
#0 /home/rpsaec/public_html/yii/framework/db/CDbConnection.php(331): CDbConnection->open()
#1 /home/rpsaec/public_html/yii/framework/db/CDbConnection.php(309): CDbConnection->setActive(true)
#2 /home/rpsaec/public_html/yii/framework/base/CModule.php(388): CDbConnection->init()
#3 /home/rpsaec/public_html/yii/framework/base/CApplication.php(431): CModule->getComponent('db')
#4 /home/rpsaec/public_html/yii/framework/db/ar/CActiveRecord.php(624): CApplication->getDb()
#5 /home/rpsaec/public_html/yii/framework/db/ar/CActiveRecord.php(2311): CActiveRecord->getDbConnection()
#6 /home/rpsaec/public_html/yii/framework/db/ar/CActiveRecord.php(388): CActiveRecordMetaData->__construct(Object(Users))
#7 /home/rpsaec/public_html/yii/framework/db/ar/CActiveRecord.php(403): CActiveRecord::model('Users')
#8 /home/rpsaec/public_html/yii/framework/db/ar/CActiveRecord.php(78): CActiveRecord->getMetaData()
#9 /home/rpsaec/public_html/admin/protected/controllers/SiteController.php(81): CActiveRecord->__construct()
#10 /home/rpsaec/public_html/yii/framework/web/actions/CInlineAction.php(50): SiteController->actionLogin()
#11 /home/rpsaec/public_html/yii/framework/web/CController.php(309): CInlineAction->runWithParams(Array)
#12 /home/rpsaec/public_html/yii/framework/web/CController.php(287): CController->runAction(Object(CInlineAction))
#13 /home/rpsaec/public_html/yii/framework/web/CController.php(266): CController->runActionWithFilters(Object(CInlineAction), Array)
#14 /home/rpsaec/public_html/yii/framework/web/CWebApplication.php(283): CController->run('login')
#15 /home/rpsaec/public_html/yii/framework/web/CWebApplication.php(142): CWebApplication->runController('')
#16 /home/rpsaec/public_html/yii/framework/base/CApplication.php(162): CWebApplication->processRequest()
#17 /home/rpsaec/public_html/admin/index.php(13): CApplication->run()
#18 {main}
REQUEST_URI=/admin/
---
2017/05/27 07:52:41 [error] [exception.CDbException] exception 'CDbException' with message 'CDbConnection failed to open the DB connection: SQLSTATE[28000] [1045] Access denied for user 'rpsaec_admin'@'localhost' (using password: YES)' in /home/rpsaec/public_html/yii/framework/db/CDbConnection.php:382
Stack trace:
#0 /home/rpsaec/public_html/yii/framework/db/CDbConnection.php(331): CDbConnection->open()
#1 /home/rpsaec/public_html/yii/framework/db/CDbConnection.php(309): CDbConnection->setActive(true)
#2 /home/rpsaec/public_html/yii/framework/base/CModule.php(388): CDbConnection->init()
#3 /home/rpsaec/public_html/yii/framework/base/CApplication.php(431): CModule->getComponent('db')
#4 /home/rpsaec/public_html/yii/framework/db/ar/CActiveRecord.php(624): CApplication->getDb()
#5 /home/rpsaec/public_html/yii/framework/db/ar/CActiveRecord.php(2311): CActiveRecord->getDbConnection()
#6 /home/rpsaec/public_html/yii/framework/db/ar/CActiveRecord.php(388): CActiveRecordMetaData->__construct(Object(Users))
#7 /home/rpsaec/public_html/yii/framework/db/ar/CActiveRecord.php(403): CActiveRecord::model('Users')
#8 /home/rpsaec/public_html/yii/framework/db/ar/CActiveRecord.php(78): CActiveRecord->getMetaData()
#9 /home/rpsaec/public_html/admin/protected/controllers/SiteController.php(81): CActiveRecord->__construct()
#10 /home/rpsaec/public_html/yii/framework/web/actions/CInlineAction.php(50): SiteController->actionLogin()
#11 /home/rpsaec/public_html/yii/framework/web/CController.php(309): CInlineAction->runWithParams(Array)
#12 /home/rpsaec/public_html/yii/framework/web/CController.php(287): CController->runAction(Object(CInlineAction))
#13 /home/rpsaec/public_html/yii/framework/web/CController.php(266): CController->runActionWithFilters(Object(CInlineAction), Array)
#14 /home/rpsaec/public_html/yii/framework/web/CWebApplication.php(283): CController->run('login')
#15 /home/rpsaec/public_html/yii/framework/web/CWebApplication.php(142): CWebApplication->runController('')
#16 /home/rpsaec/public_html/yii/framework/base/CApplication.php(162): CWebApplication->processRequest()
#17 /home/rpsaec/public_html/admin/index.php(13): CApplication->run()
#18 {main}
REQUEST_URI=/admin/
---
2017/05/27 07:54:28 [error] [exception.CDbException] exception 'CDbException' with message 'CDbConnection failed to open the DB connection: SQLSTATE[HY000] [2005] Unknown MySQL server host 'http://rpsaec.in/' (-2)' in /home/rpsaec/public_html/yii/framework/db/CDbConnection.php:382
Stack trace:
#0 /home/rpsaec/public_html/yii/framework/db/CDbConnection.php(331): CDbConnection->open()
#1 /home/rpsaec/public_html/yii/framework/db/CDbConnection.php(309): CDbConnection->setActive(true)
#2 /home/rpsaec/public_html/yii/framework/base/CModule.php(388): CDbConnection->init()
#3 /home/rpsaec/public_html/yii/framework/base/CApplication.php(431): CModule->getComponent('db')
#4 /home/rpsaec/public_html/yii/framework/db/ar/CActiveRecord.php(624): CApplication->getDb()
#5 /home/rpsaec/public_html/yii/framework/db/ar/CActiveRecord.php(2311): CActiveRecord->getDbConnection()
#6 /home/rpsaec/public_html/yii/framework/db/ar/CActiveRecord.php(388): CActiveRecordMetaData->__construct(Object(Users))
#7 /home/rpsaec/public_html/yii/framework/db/ar/CActiveRecord.php(403): CActiveRecord::model('Users')
#8 /home/rpsaec/public_html/yii/framework/db/ar/CActiveRecord.php(78): CActiveRecord->getMetaData()
#9 /home/rpsaec/public_html/admin/protected/controllers/SiteController.php(81): CActiveRecord->__construct()
#10 /home/rpsaec/public_html/yii/framework/web/actions/CInlineAction.php(50): SiteController->actionLogin()
#11 /home/rpsaec/public_html/yii/framework/web/CController.php(309): CInlineAction->runWithParams(Array)
#12 /home/rpsaec/public_html/yii/framework/web/CController.php(287): CController->runAction(Object(CInlineAction))
#13 /home/rpsaec/public_html/yii/framework/web/CController.php(266): CController->runActionWithFilters(Object(CInlineAction), Array)
#14 /home/rpsaec/public_html/yii/framework/web/CWebApplication.php(283): CController->run('login')
#15 /home/rpsaec/public_html/yii/framework/web/CWebApplication.php(142): CWebApplication->runController('')
#16 /home/rpsaec/public_html/yii/framework/base/CApplication.php(162): CWebApplication->processRequest()
#17 /home/rpsaec/public_html/admin/index.php(13): CApplication->run()
#18 {main}
REQUEST_URI=/admin/
---
2017/05/27 07:54:43 [error] [exception.CDbException] exception 'CDbException' with message 'CDbConnection failed to open the DB connection: SQLSTATE[28000] [1045] Access denied for user 'rpsaec_admin'@'104.219.248.78' (using password: YES)' in /home/rpsaec/public_html/yii/framework/db/CDbConnection.php:382
Stack trace:
#0 /home/rpsaec/public_html/yii/framework/db/CDbConnection.php(331): CDbConnection->open()
#1 /home/rpsaec/public_html/yii/framework/db/CDbConnection.php(309): CDbConnection->setActive(true)
#2 /home/rpsaec/public_html/yii/framework/base/CModule.php(388): CDbConnection->init()
#3 /home/rpsaec/public_html/yii/framework/base/CApplication.php(431): CModule->getComponent('db')
#4 /home/rpsaec/public_html/yii/framework/db/ar/CActiveRecord.php(624): CApplication->getDb()
#5 /home/rpsaec/public_html/yii/framework/db/ar/CActiveRecord.php(2311): CActiveRecord->getDbConnection()
#6 /home/rpsaec/public_html/yii/framework/db/ar/CActiveRecord.php(388): CActiveRecordMetaData->__construct(Object(Users))
#7 /home/rpsaec/public_html/yii/framework/db/ar/CActiveRecord.php(403): CActiveRecord::model('Users')
#8 /home/rpsaec/public_html/yii/framework/db/ar/CActiveRecord.php(78): CActiveRecord->getMetaData()
#9 /home/rpsaec/public_html/admin/protected/controllers/SiteController.php(81): CActiveRecord->__construct()
#10 /home/rpsaec/public_html/yii/framework/web/actions/CInlineAction.php(50): SiteController->actionLogin()
#11 /home/rpsaec/public_html/yii/framework/web/CController.php(309): CInlineAction->runWithParams(Array)
#12 /home/rpsaec/public_html/yii/framework/web/CController.php(287): CController->runAction(Object(CInlineAction))
#13 /home/rpsaec/public_html/yii/framework/web/CController.php(266): CController->runActionWithFilters(Object(CInlineAction), Array)
#14 /home/rpsaec/public_html/yii/framework/web/CWebApplication.php(283): CController->run('login')
#15 /home/rpsaec/public_html/yii/framework/web/CWebApplication.php(142): CWebApplication->runController('')
#16 /home/rpsaec/public_html/yii/framework/base/CApplication.php(162): CWebApplication->processRequest()
#17 /home/rpsaec/public_html/admin/index.php(13): CApplication->run()
#18 {main}
REQUEST_URI=/admin/
---
2017/05/27 07:58:12 [error] [exception.CDbException] exception 'CDbException' with message 'CDbConnection failed to open the DB connection: SQLSTATE[28000] [1045] Access denied for user 'admin'@'104.219.248.78' (using password: YES)' in /home/rpsaec/public_html/yii/framework/db/CDbConnection.php:382
Stack trace:
#0 /home/rpsaec/public_html/yii/framework/db/CDbConnection.php(331): CDbConnection->open()
#1 /home/rpsaec/public_html/yii/framework/db/CDbConnection.php(309): CDbConnection->setActive(true)
#2 /home/rpsaec/public_html/yii/framework/base/CModule.php(388): CDbConnection->init()
#3 /home/rpsaec/public_html/yii/framework/base/CApplication.php(431): CModule->getComponent('db')
#4 /home/rpsaec/public_html/yii/framework/db/ar/CActiveRecord.php(624): CApplication->getDb()
#5 /home/rpsaec/public_html/yii/framework/db/ar/CActiveRecord.php(2311): CActiveRecord->getDbConnection()
#6 /home/rpsaec/public_html/yii/framework/db/ar/CActiveRecord.php(388): CActiveRecordMetaData->__construct(Object(Users))
#7 /home/rpsaec/public_html/yii/framework/db/ar/CActiveRecord.php(403): CActiveRecord::model('Users')
#8 /home/rpsaec/public_html/yii/framework/db/ar/CActiveRecord.php(78): CActiveRecord->getMetaData()
#9 /home/rpsaec/public_html/admin/protected/controllers/SiteController.php(81): CActiveRecord->__construct()
#10 /home/rpsaec/public_html/yii/framework/web/actions/CInlineAction.php(50): SiteController->actionLogin()
#11 /home/rpsaec/public_html/yii/framework/web/CController.php(309): CInlineAction->runWithParams(Array)
#12 /home/rpsaec/public_html/yii/framework/web/CController.php(287): CController->runAction(Object(CInlineAction))
#13 /home/rpsaec/public_html/yii/framework/web/CController.php(266): CController->runActionWithFilters(Object(CInlineAction), Array)
#14 /home/rpsaec/public_html/yii/framework/web/CWebApplication.php(283): CController->run('login')
#15 /home/rpsaec/public_html/yii/framework/web/CWebApplication.php(142): CWebApplication->runController('')
#16 /home/rpsaec/public_html/yii/framework/base/CApplication.php(162): CWebApplication->processRequest()
#17 /home/rpsaec/public_html/admin/index.php(13): CApplication->run()
#18 {main}
REQUEST_URI=/admin/
---
2017/05/27 07:58:42 [error] [exception.CDbException] exception 'CDbException' with message 'CDbConnection failed to open the DB connection: SQLSTATE[28000] [1045] Access denied for user 'rpsaec_admin'@'104.219.248.78' (using password: YES)' in /home/rpsaec/public_html/yii/framework/db/CDbConnection.php:382
Stack trace:
#0 /home/rpsaec/public_html/yii/framework/db/CDbConnection.php(331): CDbConnection->open()
#1 /home/rpsaec/public_html/yii/framework/db/CDbConnection.php(309): CDbConnection->setActive(true)
#2 /home/rpsaec/public_html/yii/framework/base/CModule.php(388): CDbConnection->init()
#3 /home/rpsaec/public_html/yii/framework/base/CApplication.php(431): CModule->getComponent('db')
#4 /home/rpsaec/public_html/yii/framework/db/ar/CActiveRecord.php(624): CApplication->getDb()
#5 /home/rpsaec/public_html/yii/framework/db/ar/CActiveRecord.php(2311): CActiveRecord->getDbConnection()
#6 /home/rpsaec/public_html/yii/framework/db/ar/CActiveRecord.php(388): CActiveRecordMetaData->__construct(Object(Users))
#7 /home/rpsaec/public_html/yii/framework/db/ar/CActiveRecord.php(403): CActiveRecord::model('Users')
#8 /home/rpsaec/public_html/yii/framework/db/ar/CActiveRecord.php(78): CActiveRecord->getMetaData()
#9 /home/rpsaec/public_html/admin/protected/controllers/SiteController.php(81): CActiveRecord->__construct()
#10 /home/rpsaec/public_html/yii/framework/web/actions/CInlineAction.php(50): SiteController->actionLogin()
#11 /home/rpsaec/public_html/yii/framework/web/CController.php(309): CInlineAction->runWithParams(Array)
#12 /home/rpsaec/public_html/yii/framework/web/CController.php(287): CController->runAction(Object(CInlineAction))
#13 /home/rpsaec/public_html/yii/framework/web/CController.php(266): CController->runActionWithFilters(Object(CInlineAction), Array)
#14 /home/rpsaec/public_html/yii/framework/web/CWebApplication.php(283): CController->run('login')
#15 /home/rpsaec/public_html/yii/framework/web/CWebApplication.php(142): CWebApplication->runController('')
#16 /home/rpsaec/public_html/yii/framework/base/CApplication.php(162): CWebApplication->processRequest()
#17 /home/rpsaec/public_html/admin/index.php(13): CApplication->run()
#18 {main}
REQUEST_URI=/admin/
---
2017/05/27 08:02:22 [warning] [application] Failed to set unsafe attribute "rememberMe" of "Users".
in /home/rpsaec/public_html/admin/protected/controllers/SiteController.php (91)
in /home/rpsaec/public_html/admin/index.php (13)
2017/05/27 08:03:39 [warning] [application] Failed to set unsafe attribute "Subjects" of "Course".
in /home/rpsaec/public_html/admin/protected/controllers/CourseController.php (69)
in /home/rpsaec/public_html/admin/index.php (13)
2017/05/27 11:36:32 [warning] [application] Failed to set unsafe attribute "rememberMe" of "Users".
in /home/rpsaec/public_html/admin/protected/controllers/SiteController.php (91)
in /home/rpsaec/public_html/admin/index.php (13)
2017/05/27 11:38:24 [warning] [application] Failed to set unsafe attribute "rememberMe" of "Users".
in /home/rpsaec/public_html/admin/protected/controllers/SiteController.php (91)
in /home/rpsaec/public_html/admin/index.php (13)
2017/05/27 11:40:40 [warning] [application] Failed to set unsafe attribute "rememberMe" of "Users".
in /home/rpsaec/public_html/admin/protected/controllers/SiteController.php (91)
in /home/rpsaec/public_html/admin/index.php (13)
2017/05/27 11:40:52 [warning] [application] Failed to set unsafe attribute "rememberMe" of "Users".
in /home/rpsaec/public_html/admin/protected/controllers/SiteController.php (91)
in /home/rpsaec/public_html/admin/index.php (13)
2017/05/27 11:41:06 [warning] [application] Failed to set unsafe attribute "rememberMe" of "Users".
in /home/rpsaec/public_html/admin/protected/controllers/SiteController.php (91)
in /home/rpsaec/public_html/admin/index.php (13)
2017/05/27 13:43:40 [warning] [application] Failed to set unsafe attribute "rememberMe" of "Users".
in /home/rpsaec/public_html/admin/protected/controllers/SiteController.php (91)
in /home/rpsaec/public_html/admin/index.php (13)
2017/05/27 14:11:24 [warning] [application] Failed to set unsafe attribute "rememberMe" of "Users".
in /home/rpsaec/public_html/admin/protected/controllers/SiteController.php (91)
in /home/rpsaec/public_html/admin/index.php (13)
2017/05/28 09:52:45 [warning] [application] Failed to set unsafe attribute "rememberMe" of "Users".
in /home/rpsaec/public_html/admin/protected/controllers/SiteController.php (91)
in /home/rpsaec/public_html/admin/index.php (13)
2017/05/28 09:58:16 [warning] [application] Failed to set unsafe attribute "rememberMe" of "Users".
in /home/rpsaec/public_html/admin/protected/controllers/SiteController.php (91)
in /home/rpsaec/public_html/admin/index.php (13)
2017/05/29 04:48:25 [error] [exception.CDbException] exception 'CDbException' with message 'CDbConnection failed to open the DB connection: SQLSTATE[HY000] [1045] Access denied for user 'rpsaec_admin'@'localhost' (using password: YES)' in C:\wamp64\www\yii\framework\db\CDbConnection.php:399
Stack trace:
#0 C:\wamp64\www\yii\framework\db\CDbConnection.php(347): CDbConnection->open()
#1 C:\wamp64\www\yii\framework\db\CDbConnection.php(325): CDbConnection->setActive(true)
#2 C:\wamp64\www\yii\framework\base\CModule.php(394): CDbConnection->init()
#3 C:\wamp64\www\yii\framework\base\CApplication.php(459): CModule->getComponent('db')
#4 C:\wamp64\www\yii\framework\db\ar\CActiveRecord.php(637): CApplication->getDb()
#5 C:\wamp64\www\yii\framework\db\ar\CActiveRecord.php(2386): CActiveRecord->getDbConnection()
#6 C:\wamp64\www\yii\framework\db\ar\CActiveRecord.php(411): CActiveRecordMetaData->__construct(Object(Users))
#7 C:\wamp64\www\yii\framework\db\ar\CActiveRecord.php(79): CActiveRecord->getMetaData()
#8 C:\wamp64\www\resultmodule\protected\controllers\SiteController.php(81): CActiveRecord->__construct()
#9 C:\wamp64\www\yii\framework\web\actions\CInlineAction.php(49): SiteController->actionLogin()
#10 C:\wamp64\www\yii\framework\web\CController.php(308): CInlineAction->runWithParams(Array)
#11 C:\wamp64\www\yii\framework\web\CController.php(286): CController->runAction(Object(CInlineAction))
#12 C:\wamp64\www\yii\framework\web\CController.php(265): CController->runActionWithFilters(Object(CInlineAction), Array)
#13 C:\wamp64\www\yii\framework\web\CWebApplication.php(282): CController->run('login')
#14 C:\wamp64\www\yii\framework\web\CWebApplication.php(141): CWebApplication->runController('')
#15 C:\wamp64\www\yii\framework\base\CApplication.php(185): CWebApplication->processRequest()
#16 C:\wamp64\www\resultmodule\index.php(13): CApplication->run()
#17 {main}
REQUEST_URI=/resultmodule/
---
2017/05/29 04:48:55 [warning] [application] Failed to set unsafe attribute "rememberMe" of "Users".
in C:\wamp64\www\resultmodule\protected\controllers\SiteController.php (91)
in C:\wamp64\www\resultmodule\index.php (13)
2017/05/29 07:53:34 [warning] [application] Failed to set unsafe attribute "rememberMe" of "Users".
in C:\wamp64\www\resultmodule\protected\controllers\SiteController.php (91)
in C:\wamp64\www\resultmodule\index.php (13)
2017/05/29 07:54:16 [error] [exception.CException] exception 'CException' with message 'Property "CActiveForm.enctype" is not defined.' in C:\wamp64\www\yii\framework\base\CComponent.php:173
Stack trace:
#0 C:\wamp64\www\yii\framework\web\CWidgetFactory.php(161): CComponent->__set('enctype', 'multipart/form-...')
#1 C:\wamp64\www\yii\framework\web\CBaseController.php(146): CWidgetFactory->createWidget(Object(StudentController), 'CActiveForm', Array)
#2 C:\wamp64\www\yii\framework\web\CBaseController.php(197): CBaseController->createWidget('CActiveForm', Array)
#3 C:\wamp64\www\resultmodule\protected\views\student\upload.php(21): CBaseController->beginWidget('CActiveForm', Array)
#4 C:\wamp64\www\yii\framework\web\CBaseController.php(126): require('C:\\wamp64\\www\\r...')
#5 C:\wamp64\www\yii\framework\web\CBaseController.php(95): CBaseController->renderInternal('C:\\wamp64\\www\\r...', Array, true)
#6 C:\wamp64\www\yii\framework\web\CController.php(869): CBaseController->renderFile('C:\\wamp64\\www\\r...', Array, true)
#7 C:\wamp64\www\yii\framework\web\CController.php(782): CController->renderPartial('upload', Array, true)
#8 C:\wamp64\www\resultmodule\protected\controllers\StudentController.php(168): CController->render('upload', Array)
#9 C:\wamp64\www\yii\framework\web\actions\CInlineAction.php(49): StudentController->actionUpload()
#10 C:\wamp64\www\yii\framework\web\CController.php(308): CInlineAction->runWithParams(Array)
#11 C:\wamp64\www\yii\framework\web\filters\CFilterChain.php(133): CController->runAction(Object(CInlineAction))
#12 C:\wamp64\www\yii\framework\web\filters\CFilter.php(40): CFilterChain->run()
#13 C:\wamp64\www\yii\framework\web\CController.php(1145): CFilter->filter(Object(CFilterChain))
#14 C:\wamp64\www\yii\framework\web\filters\CInlineFilter.php(58): CController->filterAccessControl(Object(CFilterChain))
#15 C:\wamp64\www\yii\framework\web\filters\CFilterChain.php(130): CInlineFilter->filter(Object(CFilterChain))
#16 C:\wamp64\www\yii\framework\web\CController.php(291): CFilterChain->run()
#17 C:\wamp64\www\yii\framework\web\CController.php(265): CController->runActionWithFilters(Object(CInlineAction), Array)
#18 C:\wamp64\www\yii\framework\web\CWebApplication.php(282): CController->run('Upload')
#19 C:\wamp64\www\yii\framework\web\CWebApplication.php(141): CWebApplication->runController('Student/Upload')
#20 C:\wamp64\www\yii\framework\base\CApplication.php(185): CWebApplication->processRequest()
#21 C:\wamp64\www\resultmodule\index.php(13): CApplication->run()
#22 {main}
REQUEST_URI=/resultmodule/index.php?r=Student/Upload
HTTP_REFERER=http://localhost/resultmodule/index.php?r=Student/admin
---
2017/05/29 08:03:14 [error] [php] Undefined index: COURSE_ID (C:\wamp64\www\resultmodule\protected\controllers\StudentController.php:109)
Stack trace:
#0 C:\wamp64\www\yii\framework\web\filters\CFilterChain.php(133): StudentController->runAction()
#1 C:\wamp64\www\yii\framework\web\filters\CFilter.php(40): CFilterChain->run()
#2 C:\wamp64\www\yii\framework\web\CController.php(1145): CAccessControlFilter->filter()
#3 C:\wamp64\www\yii\framework\web\filters\CInlineFilter.php(58): StudentController->filterAccessControl()
#4 C:\wamp64\www\yii\framework\web\filters\CFilterChain.php(130): CInlineFilter->filter()
#5 C:\wamp64\www\yii\framework\web\CController.php(291): CFilterChain->run()
#6 C:\wamp64\www\yii\framework\web\CController.php(265): StudentController->runActionWithFilters()
#7 C:\wamp64\www\yii\framework\web\CWebApplication.php(282): StudentController->run()
#8 C:\wamp64\www\yii\framework\web\CWebApplication.php(141): CWebApplication->runController()
#9 C:\wamp64\www\yii\framework\base\CApplication.php(185): CWebApplication->processRequest()
#10 C:\wamp64\www\resultmodule\index.php(13): CWebApplication->run()
REQUEST_URI=/resultmodule/index.php?r=Student/Upload
in C:\wamp64\www\resultmodule\protected\controllers\StudentController.php (109)
in C:\wamp64\www\resultmodule\index.php (13)
2017/05/29 09:01:59 [error] [exception.CException] exception 'CException' with message 'Property "StudentController.importStatus" is not defined.' in C:\wamp64\www\yii\framework\base\CComponent.php:130
Stack trace:
#0 C:\wamp64\www\resultmodule\protected\views\student\upload.php(59): CComponent->__get('importStatus')
#1 C:\wamp64\www\yii\framework\web\CBaseController.php(126): require('C:\\wamp64\\www\\r...')
#2 C:\wamp64\www\yii\framework\web\CBaseController.php(95): CBaseController->renderInternal('C:\\wamp64\\www\\r...', Array, true)
#3 C:\wamp64\www\yii\framework\web\CController.php(869): CBaseController->renderFile('C:\\wamp64\\www\\r...', Array, true)
#4 C:\wamp64\www\yii\framework\web\CController.php(782): CController->renderPartial('upload', Array, true)
#5 C:\wamp64\www\resultmodule\protected\controllers\StudentController.php(166): CController->render('upload', Array)
#6 C:\wamp64\www\yii\framework\web\actions\CInlineAction.php(49): StudentController->actionUpload()
#7 C:\wamp64\www\yii\framework\web\CController.php(308): CInlineAction->runWithParams(Array)
#8 C:\wamp64\www\yii\framework\web\filters\CFilterChain.php(133): CController->runAction(Object(CInlineAction))
#9 C:\wamp64\www\yii\framework\web\filters\CFilter.php(40): CFilterChain->run()
#10 C:\wamp64\www\yii\framework\web\CController.php(1145): CFilter->filter(Object(CFilterChain))
#11 C:\wamp64\www\yii\framework\web\filters\CInlineFilter.php(58): CController->filterAccessControl(Object(CFilterChain))
#12 C:\wamp64\www\yii\framework\web\filters\CFilterChain.php(130): CInlineFilter->filter(Object(CFilterChain))
#13 C:\wamp64\www\yii\framework\web\CController.php(291): CFilterChain->run()
#14 C:\wamp64\www\yii\framework\web\CController.php(265): CController->runActionWithFilters(Object(CInlineAction), Array)
#15 C:\wamp64\www\yii\framework\web\CWebApplication.php(282): CController->run('upload')
#16 C:\wamp64\www\yii\framework\web\CWebApplication.php(141): CWebApplication->runController('student/upload')
#17 C:\wamp64\www\yii\framework\base\CApplication.php(185): CWebApplication->processRequest()
#18 C:\wamp64\www\resultmodule\index.php(13): CApplication->run()
#19 {main}
REQUEST_URI=/resultmodule/index.php?r=student/upload
---
2017/05/29 09:02:33 [error] [exception.Exception] exception 'Exception' with message 'The filename C:/wamp64/www/resultmodule/upload/1496048553.xlsx is not readable' in C:\wamp64\www\resultmodule\protected\extensions\JPhpExcelReader\Spreadsheet_Excel_Reader.php:985
Stack trace:
#0 C:\wamp64\www\resultmodule\protected\extensions\JPhpExcelReader\Spreadsheet_Excel_Reader.php(929): Spreadsheet_Excel_Reader->read('C:/wamp64/www/r...')
#1 C:\wamp64\www\resultmodule\protected\controllers\StudentController.php(116): Spreadsheet_Excel_Reader->Spreadsheet_Excel_Reader('C:/wamp64/www/r...')
#2 C:\wamp64\www\yii\framework\web\actions\CInlineAction.php(49): StudentController->actionUpload()
#3 C:\wamp64\www\yii\framework\web\CController.php(308): CInlineAction->runWithParams(Array)
#4 C:\wamp64\www\yii\framework\web\filters\CFilterChain.php(133): CController->runAction(Object(CInlineAction))
#5 C:\wamp64\www\yii\framework\web\filters\CFilter.php(40): CFilterChain->run()
#6 C:\wamp64\www\yii\framework\web\CController.php(1145): CFilter->filter(Object(CFilterChain))
#7 C:\wamp64\www\yii\framework\web\filters\CInlineFilter.php(58): CController->filterAccessControl(Object(CFilterChain))
#8 C:\wamp64\www\yii\framework\web\filters\CFilterChain.php(130): CInlineFilter->filter(Object(CFilterChain))
#9 C:\wamp64\www\yii\framework\web\CController.php(291): CFilterChain->run()
#10 C:\wamp64\www\yii\framework\web\CController.php(265): CController->runActionWithFilters(Object(CInlineAction), Array)
#11 C:\wamp64\www\yii\framework\web\CWebApplication.php(282): CController->run('upload')
#12 C:\wamp64\www\yii\framework\web\CWebApplication.php(141): CWebApplication->runController('student/upload')
#13 C:\wamp64\www\yii\framework\base\CApplication.php(185): CWebApplication->processRequest()
#14 C:\wamp64\www\resultmodule\index.php(13): CApplication->run()
#15 {main}
REQUEST_URI=/resultmodule/index.php?r=student/upload
HTTP_REFERER=http://localhost/resultmodule/index.php?r=student/upload
---
2017/05/29 09:04:13 [error] [exception.Exception] exception 'Exception' with message 'The filename C:/wamp64/www/resultmodule/upload/1496048653.xlsx is not readable' in C:\wamp64\www\resultmodule\protected\extensions\JPhpExcelReader\Spreadsheet_Excel_Reader.php:985
Stack trace:
#0 C:\wamp64\www\resultmodule\protected\extensions\JPhpExcelReader\Spreadsheet_Excel_Reader.php(929): Spreadsheet_Excel_Reader->read('C:/wamp64/www/r...')
#1 C:\wamp64\www\resultmodule\protected\controllers\StudentController.php(116): Spreadsheet_Excel_Reader->Spreadsheet_Excel_Reader('C:/wamp64/www/r...')
#2 C:\wamp64\www\yii\framework\web\actions\CInlineAction.php(49): StudentController->actionUpload()
#3 C:\wamp64\www\yii\framework\web\CController.php(308): CInlineAction->runWithParams(Array)
#4 C:\wamp64\www\yii\framework\web\filters\CFilterChain.php(133): CController->runAction(Object(CInlineAction))
#5 C:\wamp64\www\yii\framework\web\filters\CFilter.php(40): CFilterChain->run()
#6 C:\wamp64\www\yii\framework\web\CController.php(1145): CFilter->filter(Object(CFilterChain))
#7 C:\wamp64\www\yii\framework\web\filters\CInlineFilter.php(58): CController->filterAccessControl(Object(CFilterChain))
#8 C:\wamp64\www\yii\framework\web\filters\CFilterChain.php(130): CInlineFilter->filter(Object(CFilterChain))
#9 C:\wamp64\www\yii\framework\web\CController.php(291): CFilterChain->run()
#10 C:\wamp64\www\yii\framework\web\CController.php(265): CController->runActionWithFilters(Object(CInlineAction), Array)
#11 C:\wamp64\www\yii\framework\web\CWebApplication.php(282): CController->run('upload')
#12 C:\wamp64\www\yii\framework\web\CWebApplication.php(141): CWebApplication->runController('student/upload')
#13 C:\wamp64\www\yii\framework\base\CApplication.php(185): CWebApplication->processRequest()
#14 C:\wamp64\www\resultmodule\index.php(13): CApplication->run()
#15 {main}
REQUEST_URI=/resultmodule/index.php?r=student/upload
HTTP_REFERER=http://localhost/resultmodule/index.php?r=student/upload
---
2017/05/29 09:05:39 [error] [exception.Exception] exception 'Exception' with message 'The filename C:/wamp64/www/resultmodule/upload/1496048739.xls is not readable' in C:\wamp64\www\resultmodule\protected\extensions\JPhpExcelReader\Spreadsheet_Excel_Reader.php:985
Stack trace:
#0 C:\wamp64\www\resultmodule\protected\extensions\JPhpExcelReader\Spreadsheet_Excel_Reader.php(929): Spreadsheet_Excel_Reader->read('C:/wamp64/www/r...')
#1 C:\wamp64\www\resultmodule\protected\controllers\StudentController.php(116): Spreadsheet_Excel_Reader->Spreadsheet_Excel_Reader('C:/wamp64/www/r...')
#2 C:\wamp64\www\yii\framework\web\actions\CInlineAction.php(49): StudentController->actionUpload()
#3 C:\wamp64\www\yii\framework\web\CController.php(308): CInlineAction->runWithParams(Array)
#4 C:\wamp64\www\yii\framework\web\filters\CFilterChain.php(133): CController->runAction(Object(CInlineAction))
#5 C:\wamp64\www\yii\framework\web\filters\CFilter.php(40): CFilterChain->run()
#6 C:\wamp64\www\yii\framework\web\CController.php(1145): CFilter->filter(Object(CFilterChain))
#7 C:\wamp64\www\yii\framework\web\filters\CInlineFilter.php(58): CController->filterAccessControl(Object(CFilterChain))
#8 C:\wamp64\www\yii\framework\web\filters\CFilterChain.php(130): CInlineFilter->filter(Object(CFilterChain))
#9 C:\wamp64\www\yii\framework\web\CController.php(291): CFilterChain->run()
#10 C:\wamp64\www\yii\framework\web\CController.php(265): CController->runActionWithFilters(Object(CInlineAction), Array)
#11 C:\wamp64\www\yii\framework\web\CWebApplication.php(282): CController->run('upload')
#12 C:\wamp64\www\yii\framework\web\CWebApplication.php(141): CWebApplication->runController('student/upload')
#13 C:\wamp64\www\yii\framework\base\CApplication.php(185): CWebApplication->processRequest()
#14 C:\wamp64\www\resultmodule\index.php(13): CApplication->run()
#15 {main}
REQUEST_URI=/resultmodule/index.php?r=student/upload
HTTP_REFERER=http://localhost/resultmodule/index.php?r=student/upload
---
2017/05/29 09:06:32 [error] [exception.Exception] exception 'Exception' with message 'The filename C:/wamp64/www/resultmodule/upload/1496048792.xls is not readable' in C:\wamp64\www\resultmodule\protected\extensions\JPhpExcelReader\Spreadsheet_Excel_Reader.php:985
Stack trace:
#0 C:\wamp64\www\resultmodule\protected\extensions\JPhpExcelReader\Spreadsheet_Excel_Reader.php(929): Spreadsheet_Excel_Reader->read('C:/wamp64/www/r...')
#1 C:\wamp64\www\resultmodule\protected\controllers\StudentController.php(116): Spreadsheet_Excel_Reader->Spreadsheet_Excel_Reader('C:/wamp64/www/r...')
#2 C:\wamp64\www\yii\framework\web\actions\CInlineAction.php(49): StudentController->actionUpload()
#3 C:\wamp64\www\yii\framework\web\CController.php(308): CInlineAction->runWithParams(Array)
#4 C:\wamp64\www\yii\framework\web\filters\CFilterChain.php(133): CController->runAction(Object(CInlineAction))
#5 C:\wamp64\www\yii\framework\web\filters\CFilter.php(40): CFilterChain->run()
#6 C:\wamp64\www\yii\framework\web\CController.php(1145): CFilter->filter(Object(CFilterChain))
#7 C:\wamp64\www\yii\framework\web\filters\CInlineFilter.php(58): CController->filterAccessControl(Object(CFilterChain))
#8 C:\wamp64\www\yii\framework\web\filters\CFilterChain.php(130): CInlineFilter->filter(Object(CFilterChain))
#9 C:\wamp64\www\yii\framework\web\CController.php(291): CFilterChain->run()
#10 C:\wamp64\www\yii\framework\web\CController.php(265): CController->runActionWithFilters(Object(CInlineAction), Array)
#11 C:\wamp64\www\yii\framework\web\CWebApplication.php(282): CController->run('upload')
#12 C:\wamp64\www\yii\framework\web\CWebApplication.php(141): CWebApplication->runController('student/upload')
#13 C:\wamp64\www\yii\framework\base\CApplication.php(185): CWebApplication->processRequest()
#14 C:\wamp64\www\resultmodule\index.php(13): CApplication->run()
#15 {main}
REQUEST_URI=/resultmodule/index.php?r=student/upload
HTTP_REFERER=http://localhost/resultmodule/index.php?r=student/upload
---
2017/05/29 09:07:51 [error] [exception.Exception] exception 'Exception' with message 'The filename C:/wamp64/www/resultmodule/upload/1496048871.xls is not readable' in C:\wamp64\www\resultmodule\protected\extensions\JPhpExcelReader\Spreadsheet_Excel_Reader.php:985
Stack trace:
#0 C:\wamp64\www\resultmodule\protected\extensions\JPhpExcelReader\Spreadsheet_Excel_Reader.php(929): Spreadsheet_Excel_Reader->read('C:/wamp64/www/r...')
#1 C:\wamp64\www\resultmodule\protected\controllers\StudentController.php(116): Spreadsheet_Excel_Reader->Spreadsheet_Excel_Reader('C:/wamp64/www/r...')
#2 C:\wamp64\www\yii\framework\web\actions\CInlineAction.php(49): StudentController->actionUpload()
#3 C:\wamp64\www\yii\framework\web\CController.php(308): CInlineAction->runWithParams(Array)
#4 C:\wamp64\www\yii\framework\web\filters\CFilterChain.php(133): CController->runAction(Object(CInlineAction))
#5 C:\wamp64\www\yii\framework\web\filters\CFilter.php(40): CFilterChain->run()
#6 C:\wamp64\www\yii\framework\web\CController.php(1145): CFilter->filter(Object(CFilterChain))
#7 C:\wamp64\www\yii\framework\web\filters\CInlineFilter.php(58): CController->filterAccessControl(Object(CFilterChain))
#8 C:\wamp64\www\yii\framework\web\filters\CFilterChain.php(130): CInlineFilter->filter(Object(CFilterChain))
#9 C:\wamp64\www\yii\framework\web\CController.php(291): CFilterChain->run()
#10 C:\wamp64\www\yii\framework\web\CController.php(265): CController->runActionWithFilters(Object(CInlineAction), Array)
#11 C:\wamp64\www\yii\framework\web\CWebApplication.php(282): CController->run('upload')
#12 C:\wamp64\www\yii\framework\web\CWebApplication.php(141): CWebApplication->runController('student/upload')
#13 C:\wamp64\www\yii\framework\base\CApplication.php(185): CWebApplication->processRequest()
#14 C:\wamp64\www\resultmodule\index.php(13): CApplication->run()
#15 {main}
REQUEST_URI=/resultmodule/index.php?r=student/upload
HTTP_REFERER=http://localhost/resultmodule/index.php?r=student/upload
---
2017/05/29 09:09:25 [error] [php] Undefined offset: 7 (C:\wamp64\www\resultmodule\protected\controllers\StudentController.php:127)
Stack trace:
#0 C:\wamp64\www\yii\framework\web\filters\CFilterChain.php(133): StudentController->runAction()
#1 C:\wamp64\www\yii\framework\web\filters\CFilter.php(40): CFilterChain->run()
#2 C:\wamp64\www\yii\framework\web\CController.php(1145): CAccessControlFilter->filter()
#3 C:\wamp64\www\yii\framework\web\filters\CInlineFilter.php(58): StudentController->filterAccessControl()
#4 C:\wamp64\www\yii\framework\web\filters\CFilterChain.php(130): CInlineFilter->filter()
#5 C:\wamp64\www\yii\framework\web\CController.php(291): CFilterChain->run()
#6 C:\wamp64\www\yii\framework\web\CController.php(265): StudentController->runActionWithFilters()
#7 C:\wamp64\www\yii\framework\web\CWebApplication.php(282): StudentController->run()
#8 C:\wamp64\www\yii\framework\web\CWebApplication.php(141): CWebApplication->runController()
#9 C:\wamp64\www\yii\framework\base\CApplication.php(185): CWebApplication->processRequest()
#10 C:\wamp64\www\resultmodule\index.php(13): CWebApplication->run()
REQUEST_URI=/resultmodule/index.php?r=student/upload
in C:\wamp64\www\resultmodule\protected\controllers\StudentController.php (127)
in C:\wamp64\www\resultmodule\index.php (13)
2017/05/29 09:10:17 [error] [php] Undefined offset: 0 (C:\wamp64\www\resultmodule\protected\controllers\StudentController.php:121)
Stack trace:
#0 C:\wamp64\www\yii\framework\web\filters\CFilterChain.php(133): StudentController->runAction()
#1 C:\wamp64\www\yii\framework\web\filters\CFilter.php(40): CFilterChain->run()
#2 C:\wamp64\www\yii\framework\web\CController.php(1145): CAccessControlFilter->filter()
#3 C:\wamp64\www\yii\framework\web\filters\CInlineFilter.php(58): StudentController->filterAccessControl()
#4 C:\wamp64\www\yii\framework\web\filters\CFilterChain.php(130): CInlineFilter->filter()
#5 C:\wamp64\www\yii\framework\web\CController.php(291): CFilterChain->run()
#6 C:\wamp64\www\yii\framework\web\CController.php(265): StudentController->runActionWithFilters()
#7 C:\wamp64\www\yii\framework\web\CWebApplication.php(282): StudentController->run()
#8 C:\wamp64\www\yii\framework\web\CWebApplication.php(141): CWebApplication->runController()
#9 C:\wamp64\www\yii\framework\base\CApplication.php(185): CWebApplication->processRequest()
#10 C:\wamp64\www\resultmodule\index.php(13): CWebApplication->run()
REQUEST_URI=/resultmodule/index.php?r=student/upload
in C:\wamp64\www\resultmodule\protected\controllers\StudentController.php (121)
in C:\wamp64\www\resultmodule\index.php (13)
2017/05/29 09:11:49 [error] [system.db.CDbCommand] CDbCommand::fetch() failed: SQLSTATE[42S22]: Column not found: 1054 Unknown column 'COURSE' in 'where clause'. The SQL statement executed was: SELECT 1 FROM `tbl_student` `t` WHERE NAME="DEEPAK KUMAR" AND FATHER="MANJEET KUMAR" AND MOTHER="MEENA KUMARI" AND COURSE = 2 LIMIT 1.
in C:\wamp64\www\resultmodule\protected\controllers\StudentController.php (128)
in C:\wamp64\www\resultmodule\index.php (13)
2017/05/29 09:11:49 [error] [exception.CDbException] exception 'CDbException' with message 'CDbCommand failed to execute the SQL statement: SQLSTATE[42S22]: Column not found: 1054 Unknown column 'COURSE' in 'where clause'. The SQL statement executed was: SELECT 1 FROM `tbl_student` `t` WHERE NAME="DEEPAK KUMAR" AND FATHER="MANJEET KUMAR" AND MOTHER="MEENA KUMARI" AND COURSE = 2 LIMIT 1' in C:\wamp64\www\yii\framework\db\CDbCommand.php:543
Stack trace:
#0 C:\wamp64\www\yii\framework\db\CDbCommand.php(415): CDbCommand->queryInternal('fetch', Array, Array)
#1 C:\wamp64\www\yii\framework\db\ar\CActiveRecord.php(1675): CDbCommand->queryRow()
#2 C:\wamp64\www\resultmodule\protected\controllers\StudentController.php(128): CActiveRecord->exists('NAME="DEEPAK KU...')
#3 C:\wamp64\www\yii\framework\web\actions\CInlineAction.php(49): StudentController->actionUpload()
#4 C:\wamp64\www\yii\framework\web\CController.php(308): CInlineAction->runWithParams(Array)
#5 C:\wamp64\www\yii\framework\web\filters\CFilterChain.php(133): CController->runAction(Object(CInlineAction))
#6 C:\wamp64\www\yii\framework\web\filters\CFilter.php(40): CFilterChain->run()
#7 C:\wamp64\www\yii\framework\web\CController.php(1145): CFilter->filter(Object(CFilterChain))
#8 C:\wamp64\www\yii\framework\web\filters\CInlineFilter.php(58): CController->filterAccessControl(Object(CFilterChain))
#9 C:\wamp64\www\yii\framework\web\filters\CFilterChain.php(130): CInlineFilter->filter(Object(CFilterChain))
#10 C:\wamp64\www\yii\framework\web\CController.php(291): CFilterChain->run()
#11 C:\wamp64\www\yii\framework\web\CController.php(265): CController->runActionWithFilters(Object(CInlineAction), Array)
#12 C:\wamp64\www\yii\framework\web\CWebApplication.php(282): CController->run('upload')
#13 C:\wamp64\www\yii\framework\web\CWebApplication.php(141): CWebApplication->runController('student/upload')
#14 C:\wamp64\www\yii\framework\base\CApplication.php(185): CWebApplication->processRequest()
#15 C:\wamp64\www\resultmodule\index.php(13): CApplication->run()
#16 {main}
REQUEST_URI=/resultmodule/index.php?r=student/upload
HTTP_REFERER=http://localhost/resultmodule/index.php?r=student/upload
---
